{
  "D:\\CEDT\\Software Engineering\\Project\\se-project-backend-1_the-backup-team\\app.js": {
    "path": "D:\\CEDT\\Software Engineering\\Project\\se-project-backend-1_the-backup-team\\app.js",
    "statementMap": {
      "0": {
        "start": { "line": 1, "column": 13 },
        "end": { "line": 1, "column": 28 }
      },
      "1": {
        "start": { "line": 2, "column": 12 },
        "end": { "line": 2, "column": 26 }
      },
      "2": {
        "start": { "line": 3, "column": 15 },
        "end": { "line": 3, "column": 32 }
      },
      "3": {
        "start": { "line": 4, "column": 15 },
        "end": { "line": 4, "column": 32 }
      },
      "4": {
        "start": { "line": 5, "column": 15 },
        "end": { "line": 5, "column": 32 }
      },
      "5": {
        "start": { "line": 6, "column": 16 },
        "end": { "line": 6, "column": 34 }
      },
      "6": {
        "start": { "line": 7, "column": 21 },
        "end": { "line": 7, "column": 45 }
      },
      "7": {
        "start": { "line": 8, "column": 18 },
        "end": { "line": 8, "column": 47 }
      },
      "8": {
        "start": { "line": 9, "column": 16 },
        "end": { "line": 9, "column": 48 }
      },
      "9": {
        "start": { "line": 10, "column": 22 },
        "end": { "line": 10, "column": 55 }
      },
      "10": {
        "start": { "line": 11, "column": 18 },
        "end": { "line": 11, "column": 39 }
      },
      "11": {
        "start": { "line": 12, "column": 27 },
        "end": { "line": 12, "column": 63 }
      },
      "12": {
        "start": { "line": 13, "column": 21 },
        "end": { "line": 13, "column": 44 }
      },
      "13": {
        "start": { "line": 15, "column": 21 },
        "end": { "line": 15, "column": 45 }
      },
      "14": {
        "start": { "line": 16, "column": 18 },
        "end": { "line": 16, "column": 47 }
      },
      "15": {
        "start": { "line": 19, "column": 17 },
        "end": { "line": 19, "column": 38 }
      },
      "16": {
        "start": { "line": 20, "column": 0 },
        "end": { "line": 22, "column": 1 }
      },
      "17": {
        "start": { "line": 21, "column": 2 },
        "end": { "line": 21, "column": 41 }
      },
      "18": {
        "start": { "line": 24, "column": 0 },
        "end": { "line": 24, "column": 35 }
      },
      "19": {
        "start": { "line": 26, "column": 12 },
        "end": { "line": 26, "column": 21 }
      },
      "20": {
        "start": { "line": 28, "column": 13 },
        "end": { "line": 28, "column": 37 }
      },
      "21": {
        "start": { "line": 31, "column": 21 },
        "end": { "line": 60, "column": 1 }
      },
      "22": {
        "start": { "line": 62, "column": 20 },
        "end": { "line": 62, "column": 46 }
      },
      "23": {
        "start": { "line": 63, "column": 0 },
        "end": { "line": 63, "column": 67 }
      },
      "24": {
        "start": { "line": 66, "column": 0 },
        "end": { "line": 66, "column": 15 }
      },
      "25": {
        "start": { "line": 67, "column": 0 },
        "end": { "line": 67, "column": 23 }
      },
      "26": {
        "start": { "line": 68, "column": 0 },
        "end": { "line": 68, "column": 23 }
      },
      "27": {
        "start": { "line": 69, "column": 0 },
        "end": { "line": 69, "column": 24 }
      },
      "28": {
        "start": { "line": 70, "column": 0 },
        "end": { "line": 70, "column": 14 }
      },
      "29": {
        "start": { "line": 71, "column": 0 },
        "end": { "line": 71, "column": 17 }
      },
      "30": {
        "start": { "line": 72, "column": 0 },
        "end": { "line": 72, "column": 14 }
      },
      "31": {
        "start": { "line": 75, "column": 0 },
        "end": { "line": 77, "column": 1 }
      },
      "32": {
        "start": { "line": 76, "column": 2 },
        "end": { "line": 76, "column": 24 }
      },
      "33": {
        "start": { "line": 80, "column": 0 },
        "end": { "line": 86, "column": 1 }
      },
      "34": {
        "start": { "line": 81, "column": 18 },
        "end": { "line": 84, "column": 4 }
      },
      "35": {
        "start": { "line": 85, "column": 2 },
        "end": { "line": 85, "column": 18 }
      },
      "36": {
        "start": { "line": 89, "column": 0 },
        "end": { "line": 89, "column": 49 }
      },
      "37": {
        "start": { "line": 90, "column": 0 },
        "end": { "line": 90, "column": 53 }
      },
      "38": {
        "start": { "line": 91, "column": 0 },
        "end": { "line": 91, "column": 52 }
      },
      "39": {
        "start": { "line": 92, "column": 0 },
        "end": { "line": 92, "column": 65 }
      },
      "40": {
        "start": { "line": 93, "column": 0 },
        "end": { "line": 93, "column": 78 }
      },
      "41": {
        "start": { "line": 94, "column": 0 },
        "end": { "line": 94, "column": 51 }
      },
      "42": {
        "start": { "line": 97, "column": 0 },
        "end": { "line": 99, "column": 2 }
      },
      "43": {
        "start": { "line": 98, "column": 2 },
        "end": { "line": 98, "column": 70 }
      },
      "44": {
        "start": { "line": 101, "column": 0 },
        "end": { "line": 101, "column": 27 }
      },
      "45": {
        "start": { "line": 103, "column": 0 },
        "end": { "line": 112, "column": 1 }
      },
      "46": {
        "start": { "line": 104, "column": 2 },
        "end": { "line": 106, "column": 4 }
      },
      "47": {
        "start": { "line": 105, "column": 4 },
        "end": { "line": 105, "column": 24 }
      },
      "48": {
        "start": { "line": 108, "column": 2 },
        "end": { "line": 111, "column": 4 }
      },
      "49": {
        "start": { "line": 109, "column": 4 },
        "end": { "line": 109, "column": 69 }
      },
      "50": {
        "start": { "line": 110, "column": 4 },
        "end": { "line": 110, "column": 65 }
      },
      "51": {
        "start": { "line": 114, "column": 0 },
        "end": { "line": 114, "column": 20 }
      }
    },
    "fnMap": {
      "0": {
        "name": "(anonymous_0)",
        "decl": {
          "start": { "line": 97, "column": 13 },
          "end": { "line": 97, "column": 14 }
        },
        "loc": {
          "start": { "line": 97, "column": 25 },
          "end": { "line": 99, "column": 1 }
        },
        "line": 97
      },
      "1": {
        "name": "(anonymous_1)",
        "decl": {
          "start": { "line": 104, "column": 19 },
          "end": { "line": 104, "column": 20 }
        },
        "loc": {
          "start": { "line": 104, "column": 31 },
          "end": { "line": 106, "column": 3 }
        },
        "line": 104
      },
      "2": {
        "name": "(anonymous_2)",
        "decl": {
          "start": { "line": 108, "column": 19 },
          "end": { "line": 108, "column": 20 }
        },
        "loc": {
          "start": { "line": 108, "column": 25 },
          "end": { "line": 111, "column": 3 }
        },
        "line": 108
      }
    },
    "branchMap": {
      "0": {
        "loc": {
          "start": { "line": 20, "column": 0 },
          "end": { "line": 22, "column": 1 }
        },
        "type": "if",
        "locations": [
          {
            "start": { "line": 20, "column": 0 },
            "end": { "line": 22, "column": 1 }
          },
          { "start": {}, "end": {} }
        ],
        "line": 20
      },
      "1": {
        "loc": {
          "start": { "line": 28, "column": 13 },
          "end": { "line": 28, "column": 37 }
        },
        "type": "binary-expr",
        "locations": [
          {
            "start": { "line": 28, "column": 13 },
            "end": { "line": 28, "column": 29 }
          },
          {
            "start": { "line": 28, "column": 33 },
            "end": { "line": 28, "column": 37 }
          }
        ],
        "line": 28
      },
      "2": {
        "loc": {
          "start": { "line": 75, "column": 0 },
          "end": { "line": 77, "column": 1 }
        },
        "type": "if",
        "locations": [
          {
            "start": { "line": 75, "column": 0 },
            "end": { "line": 77, "column": 1 }
          },
          { "start": {}, "end": {} }
        ],
        "line": 75
      },
      "3": {
        "loc": {
          "start": { "line": 80, "column": 0 },
          "end": { "line": 86, "column": 1 }
        },
        "type": "if",
        "locations": [
          {
            "start": { "line": 80, "column": 0 },
            "end": { "line": 86, "column": 1 }
          },
          { "start": {}, "end": {} }
        ],
        "line": 80
      },
      "4": {
        "loc": {
          "start": { "line": 103, "column": 0 },
          "end": { "line": 112, "column": 1 }
        },
        "type": "if",
        "locations": [
          {
            "start": { "line": 103, "column": 0 },
            "end": { "line": 112, "column": 1 }
          },
          { "start": {}, "end": {} }
        ],
        "line": 103
      }
    },
    "s": {
      "0": 1,
      "1": 1,
      "2": 1,
      "3": 1,
      "4": 1,
      "5": 1,
      "6": 1,
      "7": 1,
      "8": 1,
      "9": 1,
      "10": 1,
      "11": 1,
      "12": 1,
      "13": 1,
      "14": 1,
      "15": 1,
      "16": 1,
      "17": 1,
      "18": 1,
      "19": 1,
      "20": 1,
      "21": 1,
      "22": 1,
      "23": 1,
      "24": 1,
      "25": 1,
      "26": 1,
      "27": 1,
      "28": 1,
      "29": 1,
      "30": 1,
      "31": 1,
      "32": 0,
      "33": 1,
      "34": 0,
      "35": 0,
      "36": 1,
      "37": 1,
      "38": 1,
      "39": 1,
      "40": 1,
      "41": 1,
      "42": 1,
      "43": 0,
      "44": 1,
      "45": 1,
      "46": 0,
      "47": 0,
      "48": 0,
      "49": 0,
      "50": 0,
      "51": 1
    },
    "f": { "0": 0, "1": 0, "2": 0 },
    "b": { "0": [1, 0], "1": [1, 0], "2": [0, 1], "3": [0, 1], "4": [0, 1] },
    "_coverageSchema": "1a1c01bbd47fc00a2c39e90264f33305004495a9",
    "hash": "6e3b227aac0e738c717eba662c7358a23a73a355"
  },
  "D:\\CEDT\\Software Engineering\\Project\\se-project-backend-1_the-backup-team\\controllers\\auth.js": {
    "path": "D:\\CEDT\\Software Engineering\\Project\\se-project-backend-1_the-backup-team\\controllers\\auth.js",
    "statementMap": {
      "0": {
        "start": { "line": 1, "column": 13 },
        "end": { "line": 1, "column": 38 }
      },
      "1": {
        "start": { "line": 3, "column": 26 },
        "end": { "line": 31, "column": 1 }
      },
      "2": {
        "start": { "line": 4, "column": 16 },
        "end": { "line": 4, "column": 40 }
      },
      "3": {
        "start": { "line": 6, "column": 18 },
        "end": { "line": 11, "column": 3 }
      },
      "4": {
        "start": { "line": 13, "column": 2 },
        "end": { "line": 15, "column": 3 }
      },
      "5": {
        "start": { "line": 14, "column": 4 },
        "end": { "line": 14, "column": 25 }
      },
      "6": {
        "start": { "line": 16, "column": 2 },
        "end": { "line": 30, "column": 6 }
      },
      "7": {
        "start": { "line": 36, "column": 17 },
        "end": { "line": 50, "column": 1 }
      },
      "8": {
        "start": { "line": 37, "column": 2 },
        "end": { "line": 49, "column": 3 }
      },
      "9": {
        "start": { "line": 38, "column": 51 },
        "end": { "line": 38, "column": 59 }
      },
      "10": {
        "start": { "line": 39, "column": 17 },
        "end": { "line": 45, "column": 6 }
      },
      "11": {
        "start": { "line": 46, "column": 4 },
        "end": { "line": 46, "column": 37 }
      },
      "12": {
        "start": { "line": 48, "column": 4 },
        "end": { "line": 48, "column": 11 }
      },
      "13": {
        "start": { "line": 55, "column": 14 },
        "end": { "line": 83, "column": 1 }
      },
      "14": {
        "start": { "line": 56, "column": 2 },
        "end": { "line": 82, "column": 3 }
      },
      "15": {
        "start": { "line": 57, "column": 32 },
        "end": { "line": 57, "column": 40 }
      },
      "16": {
        "start": { "line": 59, "column": 4 },
        "end": { "line": 63, "column": 5 }
      },
      "17": {
        "start": { "line": 60, "column": 20 },
        "end": { "line": 60, "column": 58 }
      },
      "18": {
        "start": { "line": 61, "column": 6 },
        "end": { "line": 61, "column": 28 }
      },
      "19": {
        "start": { "line": 62, "column": 6 },
        "end": { "line": 62, "column": 17 }
      },
      "20": {
        "start": { "line": 65, "column": 17 },
        "end": { "line": 65, "column": 66 }
      },
      "21": {
        "start": { "line": 66, "column": 4 },
        "end": { "line": 70, "column": 5 }
      },
      "22": {
        "start": { "line": 67, "column": 20 },
        "end": { "line": 67, "column": 52 }
      },
      "23": {
        "start": { "line": 68, "column": 6 },
        "end": { "line": 68, "column": 28 }
      },
      "24": {
        "start": { "line": 69, "column": 6 },
        "end": { "line": 69, "column": 17 }
      },
      "25": {
        "start": { "line": 72, "column": 20 },
        "end": { "line": 72, "column": 54 }
      },
      "26": {
        "start": { "line": 73, "column": 4 },
        "end": { "line": 77, "column": 5 }
      },
      "27": {
        "start": { "line": 74, "column": 20 },
        "end": { "line": 74, "column": 52 }
      },
      "28": {
        "start": { "line": 75, "column": 6 },
        "end": { "line": 75, "column": 28 }
      },
      "29": {
        "start": { "line": 76, "column": 6 },
        "end": { "line": 76, "column": 17 }
      },
      "30": {
        "start": { "line": 79, "column": 4 },
        "end": { "line": 79, "column": 37 }
      },
      "31": {
        "start": { "line": 81, "column": 4 },
        "end": { "line": 81, "column": 11 }
      },
      "32": {
        "start": { "line": 88, "column": 15 },
        "end": { "line": 100, "column": 1 }
      },
      "33": {
        "start": { "line": 89, "column": 2 },
        "end": { "line": 99, "column": 3 }
      },
      "34": {
        "start": { "line": 90, "column": 4 },
        "end": { "line": 94, "column": 6 }
      },
      "35": {
        "start": { "line": 96, "column": 4 },
        "end": { "line": 96, "column": 53 }
      },
      "36": {
        "start": { "line": 98, "column": 4 },
        "end": { "line": 98, "column": 11 }
      },
      "37": {
        "start": { "line": 105, "column": 11 },
        "end": { "line": 112, "column": 1 }
      },
      "38": {
        "start": { "line": 106, "column": 2 },
        "end": { "line": 111, "column": 3 }
      },
      "39": {
        "start": { "line": 107, "column": 17 },
        "end": { "line": 107, "column": 49 }
      },
      "40": {
        "start": { "line": 108, "column": 4 },
        "end": { "line": 108, "column": 55 }
      },
      "41": {
        "start": { "line": 110, "column": 4 },
        "end": { "line": 110, "column": 11 }
      },
      "42": {
        "start": { "line": 114, "column": 0 },
        "end": { "line": 114, "column": 48 }
      }
    },
    "fnMap": {
      "0": {
        "name": "(anonymous_0)",
        "decl": {
          "start": { "line": 3, "column": 26 },
          "end": { "line": 3, "column": 27 }
        },
        "loc": {
          "start": { "line": 3, "column": 53 },
          "end": { "line": 31, "column": 1 }
        },
        "line": 3
      },
      "1": {
        "name": "(anonymous_1)",
        "decl": {
          "start": { "line": 36, "column": 17 },
          "end": { "line": 36, "column": 18 }
        },
        "loc": {
          "start": { "line": 36, "column": 43 },
          "end": { "line": 50, "column": 1 }
        },
        "line": 36
      },
      "2": {
        "name": "(anonymous_2)",
        "decl": {
          "start": { "line": 55, "column": 14 },
          "end": { "line": 55, "column": 15 }
        },
        "loc": {
          "start": { "line": 55, "column": 40 },
          "end": { "line": 83, "column": 1 }
        },
        "line": 55
      },
      "3": {
        "name": "(anonymous_3)",
        "decl": {
          "start": { "line": 88, "column": 15 },
          "end": { "line": 88, "column": 16 }
        },
        "loc": {
          "start": { "line": 88, "column": 39 },
          "end": { "line": 100, "column": 1 }
        },
        "line": 88
      },
      "4": {
        "name": "(anonymous_4)",
        "decl": {
          "start": { "line": 105, "column": 11 },
          "end": { "line": 105, "column": 12 }
        },
        "loc": {
          "start": { "line": 105, "column": 37 },
          "end": { "line": 112, "column": 1 }
        },
        "line": 105
      }
    },
    "branchMap": {
      "0": {
        "loc": {
          "start": { "line": 13, "column": 2 },
          "end": { "line": 15, "column": 3 }
        },
        "type": "if",
        "locations": [
          {
            "start": { "line": 13, "column": 2 },
            "end": { "line": 15, "column": 3 }
          },
          { "start": {}, "end": {} }
        ],
        "line": 13
      },
      "1": {
        "loc": {
          "start": { "line": 59, "column": 4 },
          "end": { "line": 63, "column": 5 }
        },
        "type": "if",
        "locations": [
          {
            "start": { "line": 59, "column": 4 },
            "end": { "line": 63, "column": 5 }
          },
          { "start": {}, "end": {} }
        ],
        "line": 59
      },
      "2": {
        "loc": {
          "start": { "line": 59, "column": 8 },
          "end": { "line": 59, "column": 27 }
        },
        "type": "binary-expr",
        "locations": [
          {
            "start": { "line": 59, "column": 8 },
            "end": { "line": 59, "column": 14 }
          },
          {
            "start": { "line": 59, "column": 18 },
            "end": { "line": 59, "column": 27 }
          }
        ],
        "line": 59
      },
      "3": {
        "loc": {
          "start": { "line": 66, "column": 4 },
          "end": { "line": 70, "column": 5 }
        },
        "type": "if",
        "locations": [
          {
            "start": { "line": 66, "column": 4 },
            "end": { "line": 70, "column": 5 }
          },
          { "start": {}, "end": {} }
        ],
        "line": 66
      },
      "4": {
        "loc": {
          "start": { "line": 73, "column": 4 },
          "end": { "line": 77, "column": 5 }
        },
        "type": "if",
        "locations": [
          {
            "start": { "line": 73, "column": 4 },
            "end": { "line": 77, "column": 5 }
          },
          { "start": {}, "end": {} }
        ],
        "line": 73
      }
    },
    "s": {
      "0": 1,
      "1": 1,
      "2": 0,
      "3": 0,
      "4": 0,
      "5": 0,
      "6": 0,
      "7": 1,
      "8": 0,
      "9": 0,
      "10": 0,
      "11": 0,
      "12": 0,
      "13": 1,
      "14": 0,
      "15": 0,
      "16": 0,
      "17": 0,
      "18": 0,
      "19": 0,
      "20": 0,
      "21": 0,
      "22": 0,
      "23": 0,
      "24": 0,
      "25": 0,
      "26": 0,
      "27": 0,
      "28": 0,
      "29": 0,
      "30": 0,
      "31": 0,
      "32": 1,
      "33": 0,
      "34": 0,
      "35": 0,
      "36": 0,
      "37": 1,
      "38": 0,
      "39": 0,
      "40": 0,
      "41": 0,
      "42": 1
    },
    "f": { "0": 0, "1": 0, "2": 0, "3": 0, "4": 0 },
    "b": { "0": [0, 0], "1": [0, 0], "2": [0, 0], "3": [0, 0], "4": [0, 0] },
    "_coverageSchema": "1a1c01bbd47fc00a2c39e90264f33305004495a9",
    "hash": "abe041250e94fd1500f025fbdeca7bbad0fdc5ad"
  },
  "D:\\CEDT\\Software Engineering\\Project\\se-project-backend-1_the-backup-team\\controllers\\events.js": {
    "path": "D:\\CEDT\\Software Engineering\\Project\\se-project-backend-1_the-backup-team\\controllers\\events.js",
    "statementMap": {
      "0": {
        "start": { "line": 1, "column": 14 },
        "end": { "line": 1, "column": 40 }
      },
      "1": {
        "start": { "line": 2, "column": 14 },
        "end": { "line": 2, "column": 40 }
      },
      "2": {
        "start": { "line": 3, "column": 24 },
        "end": { "line": 3, "column": 60 }
      },
      "3": {
        "start": { "line": 96, "column": 20 },
        "end": { "line": 106, "column": 1 }
      },
      "4": {
        "start": { "line": 97, "column": 2 },
        "end": { "line": 105, "column": 3 }
      },
      "5": {
        "start": { "line": 98, "column": 18 },
        "end": { "line": 98, "column": 46 }
      },
      "6": {
        "start": { "line": 99, "column": 4 },
        "end": { "line": 102, "column": 6 }
      },
      "7": {
        "start": { "line": 104, "column": 4 },
        "end": { "line": 104, "column": 11 }
      },
      "8": {
        "start": { "line": 111, "column": 18 },
        "end": { "line": 129, "column": 1 }
      },
      "9": {
        "start": { "line": 112, "column": 23 },
        "end": { "line": 112, "column": 33 }
      },
      "10": {
        "start": { "line": 113, "column": 2 },
        "end": { "line": 128, "column": 3 }
      },
      "11": {
        "start": { "line": 114, "column": 18 },
        "end": { "line": 114, "column": 57 }
      },
      "12": {
        "start": { "line": 115, "column": 4 },
        "end": { "line": 117, "column": 5 }
      },
      "13": {
        "start": { "line": 116, "column": 6 },
        "end": { "line": 116, "column": 34 }
      },
      "14": {
        "start": { "line": 119, "column": 4 },
        "end": { "line": 119, "column": 34 }
      },
      "15": {
        "start": { "line": 120, "column": 4 },
        "end": { "line": 120, "column": 22 }
      },
      "16": {
        "start": { "line": 122, "column": 4 },
        "end": { "line": 125, "column": 6 }
      },
      "17": {
        "start": { "line": 127, "column": 4 },
        "end": { "line": 127, "column": 15 }
      },
      "18": {
        "start": { "line": 134, "column": 20 },
        "end": { "line": 153, "column": 1 }
      },
      "19": {
        "start": { "line": 135, "column": 23 },
        "end": { "line": 135, "column": 33 }
      },
      "20": {
        "start": { "line": 136, "column": 2 },
        "end": { "line": 152, "column": 3 }
      },
      "21": {
        "start": { "line": 137, "column": 18 },
        "end": { "line": 137, "column": 48 }
      },
      "22": {
        "start": { "line": 139, "column": 4 },
        "end": { "line": 141, "column": 5 }
      },
      "23": {
        "start": { "line": 140, "column": 6 },
        "end": { "line": 140, "column": 34 }
      },
      "24": {
        "start": { "line": 143, "column": 4 },
        "end": { "line": 143, "column": 57 }
      },
      "25": {
        "start": { "line": 144, "column": 4 },
        "end": { "line": 144, "column": 27 }
      },
      "26": {
        "start": { "line": 146, "column": 4 },
        "end": { "line": 149, "column": 6 }
      },
      "27": {
        "start": { "line": 151, "column": 4 },
        "end": { "line": 151, "column": 15 }
      },
      "28": {
        "start": { "line": 158, "column": 18 },
        "end": { "line": 204, "column": 1 }
      },
      "29": {
        "start": { "line": 159, "column": 23 },
        "end": { "line": 159, "column": 33 }
      },
      "30": {
        "start": { "line": 161, "column": 2 },
        "end": { "line": 203, "column": 3 }
      },
      "31": {
        "start": { "line": 162, "column": 18 },
        "end": { "line": 162, "column": 48 }
      },
      "32": {
        "start": { "line": 165, "column": 4 },
        "end": { "line": 167, "column": 5 }
      },
      "33": {
        "start": { "line": 166, "column": 6 },
        "end": { "line": 166, "column": 34 }
      },
      "34": {
        "start": { "line": 170, "column": 26 },
        "end": { "line": 173, "column": 6 }
      },
      "35": {
        "start": { "line": 174, "column": 4 },
        "end": { "line": 176, "column": 5 }
      },
      "36": {
        "start": { "line": 175, "column": 6 },
        "end": { "line": 175, "column": 64 }
      },
      "37": {
        "start": { "line": 179, "column": 16 },
        "end": { "line": 179, "column": 26 }
      },
      "38": {
        "start": { "line": 180, "column": 4 },
        "end": { "line": 182, "column": 5 }
      },
      "39": {
        "start": { "line": 181, "column": 6 },
        "end": { "line": 181, "column": 40 }
      },
      "40": {
        "start": { "line": 185, "column": 22 },
        "end": { "line": 185, "column": 80 }
      },
      "41": {
        "start": { "line": 186, "column": 4 },
        "end": { "line": 188, "column": 5 }
      },
      "42": {
        "start": { "line": 187, "column": 6 },
        "end": { "line": 187, "column": 63 }
      },
      "43": {
        "start": { "line": 191, "column": 4 },
        "end": { "line": 191, "column": 31 }
      },
      "44": {
        "start": { "line": 192, "column": 4 },
        "end": { "line": 192, "column": 29 }
      },
      "45": {
        "start": { "line": 194, "column": 24 },
        "end": { "line": 194, "column": 62 }
      },
      "46": {
        "start": { "line": 195, "column": 4 },
        "end": { "line": 195, "column": 71 }
      },
      "47": {
        "start": { "line": 197, "column": 4 },
        "end": { "line": 200, "column": 6 }
      },
      "48": {
        "start": { "line": 202, "column": 4 },
        "end": { "line": 202, "column": 15 }
      },
      "49": {
        "start": { "line": 255, "column": 0 },
        "end": { "line": 264, "column": 1 }
      }
    },
    "fnMap": {
      "0": {
        "name": "(anonymous_0)",
        "decl": {
          "start": { "line": 96, "column": 20 },
          "end": { "line": 96, "column": 21 }
        },
        "loc": {
          "start": { "line": 96, "column": 46 },
          "end": { "line": 106, "column": 1 }
        },
        "line": 96
      },
      "1": {
        "name": "(anonymous_1)",
        "decl": {
          "start": { "line": 111, "column": 18 },
          "end": { "line": 111, "column": 19 }
        },
        "loc": {
          "start": { "line": 111, "column": 44 },
          "end": { "line": 129, "column": 1 }
        },
        "line": 111
      },
      "2": {
        "name": "(anonymous_2)",
        "decl": {
          "start": { "line": 134, "column": 20 },
          "end": { "line": 134, "column": 21 }
        },
        "loc": {
          "start": { "line": 134, "column": 46 },
          "end": { "line": 153, "column": 1 }
        },
        "line": 134
      },
      "3": {
        "name": "(anonymous_3)",
        "decl": {
          "start": { "line": 158, "column": 18 },
          "end": { "line": 158, "column": 19 }
        },
        "loc": {
          "start": { "line": 158, "column": 44 },
          "end": { "line": 204, "column": 1 }
        },
        "line": 158
      }
    },
    "branchMap": {
      "0": {
        "loc": {
          "start": { "line": 115, "column": 4 },
          "end": { "line": 117, "column": 5 }
        },
        "type": "if",
        "locations": [
          {
            "start": { "line": 115, "column": 4 },
            "end": { "line": 117, "column": 5 }
          },
          { "start": {}, "end": {} }
        ],
        "line": 115
      },
      "1": {
        "loc": {
          "start": { "line": 139, "column": 4 },
          "end": { "line": 141, "column": 5 }
        },
        "type": "if",
        "locations": [
          {
            "start": { "line": 139, "column": 4 },
            "end": { "line": 141, "column": 5 }
          },
          { "start": {}, "end": {} }
        ],
        "line": 139
      },
      "2": {
        "loc": {
          "start": { "line": 165, "column": 4 },
          "end": { "line": 167, "column": 5 }
        },
        "type": "if",
        "locations": [
          {
            "start": { "line": 165, "column": 4 },
            "end": { "line": 167, "column": 5 }
          },
          { "start": {}, "end": {} }
        ],
        "line": 165
      },
      "3": {
        "loc": {
          "start": { "line": 174, "column": 4 },
          "end": { "line": 176, "column": 5 }
        },
        "type": "if",
        "locations": [
          {
            "start": { "line": 174, "column": 4 },
            "end": { "line": 176, "column": 5 }
          },
          { "start": {}, "end": {} }
        ],
        "line": 174
      },
      "4": {
        "loc": {
          "start": { "line": 180, "column": 4 },
          "end": { "line": 182, "column": 5 }
        },
        "type": "if",
        "locations": [
          {
            "start": { "line": 180, "column": 4 },
            "end": { "line": 182, "column": 5 }
          },
          { "start": {}, "end": {} }
        ],
        "line": 180
      },
      "5": {
        "loc": {
          "start": { "line": 186, "column": 4 },
          "end": { "line": 188, "column": 5 }
        },
        "type": "if",
        "locations": [
          {
            "start": { "line": 186, "column": 4 },
            "end": { "line": 188, "column": 5 }
          },
          { "start": {}, "end": {} }
        ],
        "line": 186
      }
    },
    "s": {
      "0": 1,
      "1": 1,
      "2": 1,
      "3": 1,
      "4": 0,
      "5": 0,
      "6": 0,
      "7": 0,
      "8": 1,
      "9": 0,
      "10": 0,
      "11": 0,
      "12": 0,
      "13": 0,
      "14": 0,
      "15": 0,
      "16": 0,
      "17": 0,
      "18": 1,
      "19": 0,
      "20": 0,
      "21": 0,
      "22": 0,
      "23": 0,
      "24": 0,
      "25": 0,
      "26": 0,
      "27": 0,
      "28": 1,
      "29": 0,
      "30": 0,
      "31": 0,
      "32": 0,
      "33": 0,
      "34": 0,
      "35": 0,
      "36": 0,
      "37": 0,
      "38": 0,
      "39": 0,
      "40": 0,
      "41": 0,
      "42": 0,
      "43": 0,
      "44": 0,
      "45": 0,
      "46": 0,
      "47": 0,
      "48": 0,
      "49": 1
    },
    "f": { "0": 0, "1": 0, "2": 0, "3": 0 },
    "b": {
      "0": [0, 0],
      "1": [0, 0],
      "2": [0, 0],
      "3": [0, 0],
      "4": [0, 0],
      "5": [0, 0]
    },
    "_coverageSchema": "1a1c01bbd47fc00a2c39e90264f33305004495a9",
    "hash": "e96fbc177b6e6db7e207a51299902f19063c4da5"
  },
  "D:\\CEDT\\Software Engineering\\Project\\se-project-backend-1_the-backup-team\\controllers\\reservations.js": {
    "path": "D:\\CEDT\\Software Engineering\\Project\\se-project-backend-1_the-backup-team\\controllers\\reservations.js",
    "statementMap": {
      "0": {
        "start": { "line": 1, "column": 17 },
        "end": { "line": 1, "column": 36 }
      },
      "1": {
        "start": { "line": 2, "column": 20 },
        "end": { "line": 2, "column": 52 }
      },
      "2": {
        "start": { "line": 3, "column": 14 },
        "end": { "line": 3, "column": 40 }
      },
      "3": {
        "start": { "line": 8, "column": 24 },
        "end": { "line": 73, "column": 1 }
      },
      "4": {
        "start": { "line": 9, "column": 18 },
        "end": { "line": 9, "column": 39 }
      },
      "5": {
        "start": { "line": 10, "column": 2 },
        "end": { "line": 12, "column": 3 }
      },
      "6": {
        "start": { "line": 11, "column": 4 },
        "end": { "line": 11, "column": 46 }
      },
      "7": {
        "start": { "line": 14, "column": 14 },
        "end": { "line": 14, "column": 41 }
      },
      "8": {
        "start": { "line": 16, "column": 18 },
        "end": { "line": 16, "column": 40 }
      },
      "9": {
        "start": { "line": 17, "column": 2 },
        "end": { "line": 19, "column": 3 }
      },
      "10": {
        "start": { "line": 18, "column": 4 },
        "end": { "line": 18, "column": 39 }
      },
      "11": {
        "start": { "line": 21, "column": 2 },
        "end": { "line": 21, "column": 31 }
      },
      "12": {
        "start": { "line": 23, "column": 4 },
        "end": { "line": 23, "column": 69 }
      },
      "13": {
        "start": { "line": 25, "column": 2 },
        "end": { "line": 72, "column": 3 }
      },
      "14": {
        "start": { "line": 26, "column": 25 },
        "end": { "line": 35, "column": 6 }
      },
      "15": {
        "start": { "line": 37, "column": 33 },
        "end": { "line": 54, "column": 6 }
      },
      "16": {
        "start": { "line": 38, "column": 6 },
        "end": { "line": 40, "column": 7 }
      },
      "17": {
        "start": { "line": 39, "column": 8 },
        "end": { "line": 39, "column": 56 }
      },
      "18": {
        "start": { "line": 42, "column": 26 },
        "end": { "line": 44, "column": 7 }
      },
      "19": {
        "start": { "line": 43, "column": 18 },
        "end": { "line": 43, "column": 69 }
      },
      "20": {
        "start": { "line": 46, "column": 28 },
        "end": { "line": 46, "column": 73 }
      },
      "21": {
        "start": { "line": 47, "column": 6 },
        "end": { "line": 47, "column": 32 }
      },
      "22": {
        "start": { "line": 49, "column": 6 },
        "end": { "line": 53, "column": 7 }
      },
      "23": {
        "start": { "line": 56, "column": 4 },
        "end": { "line": 64, "column": 5 }
      },
      "24": {
        "start": { "line": 57, "column": 6 },
        "end": { "line": 63, "column": 8 }
      },
      "25": {
        "start": { "line": 58, "column": 23 },
        "end": { "line": 58, "column": 41 }
      },
      "26": {
        "start": { "line": 59, "column": 23 },
        "end": { "line": 59, "column": 41 }
      },
      "27": {
        "start": { "line": 60, "column": 8 },
        "end": { "line": 62, "column": 27 }
      },
      "28": {
        "start": { "line": 66, "column": 4 },
        "end": { "line": 69, "column": 6 }
      },
      "29": {
        "start": { "line": 71, "column": 4 },
        "end": { "line": 71, "column": 11 }
      },
      "30": {
        "start": { "line": 78, "column": 23 },
        "end": { "line": 114, "column": 1 }
      },
      "31": {
        "start": { "line": 79, "column": 17 },
        "end": { "line": 79, "column": 27 }
      },
      "32": {
        "start": { "line": 80, "column": 2 },
        "end": { "line": 113, "column": 3 }
      },
      "33": {
        "start": { "line": 81, "column": 24 },
        "end": { "line": 84, "column": 6 }
      },
      "34": {
        "start": { "line": 86, "column": 4 },
        "end": { "line": 88, "column": 5 }
      },
      "35": {
        "start": { "line": 87, "column": 6 },
        "end": { "line": 87, "column": 34 }
      },
      "36": {
        "start": { "line": 90, "column": 26 },
        "end": { "line": 90, "column": 71 }
      },
      "37": {
        "start": { "line": 91, "column": 4 },
        "end": { "line": 91, "column": 30 }
      },
      "38": {
        "start": { "line": 93, "column": 28 },
        "end": { "line": 95, "column": 5 }
      },
      "39": {
        "start": { "line": 94, "column": 16 },
        "end": { "line": 94, "column": 67 }
      },
      "40": {
        "start": { "line": 97, "column": 33 },
        "end": { "line": 101, "column": 5 }
      },
      "41": {
        "start": { "line": 103, "column": 4 },
        "end": { "line": 106, "column": 6 }
      },
      "42": {
        "start": { "line": 108, "column": 4 },
        "end": { "line": 111, "column": 5 }
      },
      "43": {
        "start": { "line": 109, "column": 6 },
        "end": { "line": 109, "column": 58 }
      },
      "44": {
        "start": { "line": 110, "column": 6 },
        "end": { "line": 110, "column": 24 }
      },
      "45": {
        "start": { "line": 112, "column": 4 },
        "end": { "line": 112, "column": 11 }
      },
      "46": {
        "start": { "line": 119, "column": 23 },
        "end": { "line": 195, "column": 1 }
      },
      "47": {
        "start": { "line": 120, "column": 23 },
        "end": { "line": 120, "column": 33 }
      },
      "48": {
        "start": { "line": 121, "column": 36 },
        "end": { "line": 121, "column": 44 }
      },
      "49": {
        "start": { "line": 122, "column": 31 },
        "end": { "line": 122, "column": 63 }
      },
      "50": {
        "start": { "line": 124, "column": 2 },
        "end": { "line": 124, "column": 27 }
      },
      "51": {
        "start": { "line": 125, "column": 2 },
        "end": { "line": 125, "column": 29 }
      },
      "52": {
        "start": { "line": 127, "column": 2 },
        "end": { "line": 194, "column": 3 }
      },
      "53": {
        "start": { "line": 128, "column": 18 },
        "end": { "line": 128, "column": 48 }
      },
      "54": {
        "start": { "line": 129, "column": 4 },
        "end": { "line": 131, "column": 5 }
      },
      "55": {
        "start": { "line": 130, "column": 6 },
        "end": { "line": 130, "column": 40 }
      },
      "56": {
        "start": { "line": 133, "column": 23 },
        "end": { "line": 133, "column": 42 }
      },
      "57": {
        "start": { "line": 134, "column": 4 },
        "end": { "line": 136, "column": 5 }
      },
      "58": {
        "start": { "line": 135, "column": 6 },
        "end": { "line": 135, "column": 39 }
      },
      "59": {
        "start": { "line": 138, "column": 17 },
        "end": { "line": 138, "column": 27 }
      },
      "60": {
        "start": { "line": 140, "column": 31 },
        "end": { "line": 143, "column": 6 }
      },
      "61": {
        "start": { "line": 145, "column": 4 },
        "end": { "line": 147, "column": 5 }
      },
      "62": {
        "start": { "line": 146, "column": 6 },
        "end": { "line": 146, "column": 33 }
      },
      "63": {
        "start": { "line": 149, "column": 31 },
        "end": { "line": 155, "column": 6 }
      },
      "64": {
        "start": { "line": 157, "column": 4 },
        "end": { "line": 162, "column": 5 }
      },
      "65": {
        "start": { "line": 161, "column": 6 },
        "end": { "line": 161, "column": 41 }
      },
      "66": {
        "start": { "line": 164, "column": 24 },
        "end": { "line": 164, "column": 64 }
      },
      "67": {
        "start": { "line": 165, "column": 4 },
        "end": { "line": 167, "column": 5 }
      },
      "68": {
        "start": { "line": 166, "column": 6 },
        "end": { "line": 166, "column": 41 }
      },
      "69": {
        "start": { "line": 169, "column": 24 },
        "end": { "line": 169, "column": 58 }
      },
      "70": {
        "start": { "line": 171, "column": 4 },
        "end": { "line": 174, "column": 6 }
      },
      "71": {
        "start": { "line": 176, "column": 4 },
        "end": { "line": 192, "column": 5 }
      },
      "72": {
        "start": { "line": 177, "column": 6 },
        "end": { "line": 177, "column": 43 }
      },
      "73": {
        "start": { "line": 178, "column": 6 },
        "end": { "line": 178, "column": 24 }
      },
      "74": {
        "start": { "line": 179, "column": 11 },
        "end": { "line": 192, "column": 5 }
      },
      "75": {
        "start": { "line": 180, "column": 6 },
        "end": { "line": 180, "column": 58 }
      },
      "76": {
        "start": { "line": 181, "column": 6 },
        "end": { "line": 181, "column": 24 }
      },
      "77": {
        "start": { "line": 182, "column": 11 },
        "end": { "line": 192, "column": 5 }
      },
      "78": {
        "start": { "line": 183, "column": 6 },
        "end": { "line": 183, "column": 53 }
      },
      "79": {
        "start": { "line": 184, "column": 6 },
        "end": { "line": 184, "column": 24 }
      },
      "80": {
        "start": { "line": 185, "column": 11 },
        "end": { "line": 192, "column": 5 }
      },
      "81": {
        "start": { "line": 186, "column": 6 },
        "end": { "line": 186, "column": 125 }
      },
      "82": {
        "start": { "line": 187, "column": 6 },
        "end": { "line": 187, "column": 24 }
      },
      "83": {
        "start": { "line": 188, "column": 11 },
        "end": { "line": 192, "column": 5 }
      },
      "84": {
        "start": { "line": 189, "column": 6 },
        "end": { "line": 189, "column": 24 }
      },
      "85": {
        "start": { "line": 190, "column": 11 },
        "end": { "line": 192, "column": 5 }
      },
      "86": {
        "start": { "line": 191, "column": 6 },
        "end": { "line": 191, "column": 24 }
      },
      "87": {
        "start": { "line": 193, "column": 4 },
        "end": { "line": 193, "column": 11 }
      },
      "88": {
        "start": { "line": 200, "column": 26 },
        "end": { "line": 266, "column": 1 }
      },
      "89": {
        "start": { "line": 201, "column": 17 },
        "end": { "line": 201, "column": 27 }
      },
      "90": {
        "start": { "line": 202, "column": 17 },
        "end": { "line": 202, "column": 31 }
      },
      "91": {
        "start": { "line": 203, "column": 16 },
        "end": { "line": 203, "column": 29 }
      },
      "92": {
        "start": { "line": 204, "column": 24 },
        "end": { "line": 204, "column": 48 }
      },
      "93": {
        "start": { "line": 206, "column": 2 },
        "end": { "line": 265, "column": 3 }
      },
      "94": {
        "start": { "line": 207, "column": 28 },
        "end": { "line": 207, "column": 58 }
      },
      "95": {
        "start": { "line": 208, "column": 4 },
        "end": { "line": 210, "column": 5 }
      },
      "96": {
        "start": { "line": 209, "column": 6 },
        "end": { "line": 209, "column": 46 }
      },
      "97": {
        "start": { "line": 212, "column": 4 },
        "end": { "line": 212, "column": 68 }
      },
      "98": {
        "start": { "line": 212, "column": 25 },
        "end": { "line": 212, "column": 68 }
      },
      "99": {
        "start": { "line": 213, "column": 4 },
        "end": { "line": 213, "column": 65 }
      },
      "100": {
        "start": { "line": 213, "column": 24 },
        "end": { "line": 213, "column": 65 }
      },
      "101": {
        "start": { "line": 214, "column": 4 },
        "end": { "line": 215, "column": 55 }
      },
      "102": {
        "start": { "line": 215, "column": 6 },
        "end": { "line": 215, "column": 55 }
      },
      "103": {
        "start": { "line": 217, "column": 4 },
        "end": { "line": 222, "column": 5 }
      },
      "104": {
        "start": { "line": 221, "column": 6 },
        "end": { "line": 221, "column": 37 }
      },
      "105": {
        "start": { "line": 224, "column": 18 },
        "end": { "line": 224, "column": 48 }
      },
      "106": {
        "start": { "line": 225, "column": 4 },
        "end": { "line": 227, "column": 5 }
      },
      "107": {
        "start": { "line": 226, "column": 6 },
        "end": { "line": 226, "column": 40 }
      },
      "108": {
        "start": { "line": 229, "column": 24 },
        "end": { "line": 229, "column": 64 }
      },
      "109": {
        "start": { "line": 230, "column": 4 },
        "end": { "line": 232, "column": 5 }
      },
      "110": {
        "start": { "line": 231, "column": 6 },
        "end": { "line": 231, "column": 41 }
      },
      "111": {
        "start": { "line": 234, "column": 23 },
        "end": { "line": 234, "column": 45 }
      },
      "112": {
        "start": { "line": 235, "column": 4 },
        "end": { "line": 237, "column": 5 }
      },
      "113": {
        "start": { "line": 236, "column": 6 },
        "end": { "line": 236, "column": 39 }
      },
      "114": {
        "start": { "line": 239, "column": 24 },
        "end": { "line": 242, "column": 6 }
      },
      "115": {
        "start": { "line": 244, "column": 4 },
        "end": { "line": 247, "column": 6 }
      },
      "116": {
        "start": { "line": 249, "column": 4 },
        "end": { "line": 263, "column": 5 }
      },
      "117": {
        "start": { "line": 250, "column": 6 },
        "end": { "line": 250, "column": 56 }
      },
      "118": {
        "start": { "line": 251, "column": 6 },
        "end": { "line": 251, "column": 24 }
      },
      "119": {
        "start": { "line": 252, "column": 11 },
        "end": { "line": 263, "column": 5 }
      },
      "120": {
        "start": { "line": 253, "column": 6 },
        "end": { "line": 253, "column": 58 }
      },
      "121": {
        "start": { "line": 254, "column": 6 },
        "end": { "line": 254, "column": 24 }
      },
      "122": {
        "start": { "line": 255, "column": 11 },
        "end": { "line": 263, "column": 5 }
      },
      "123": {
        "start": { "line": 256, "column": 6 },
        "end": { "line": 256, "column": 58 }
      },
      "124": {
        "start": { "line": 257, "column": 6 },
        "end": { "line": 257, "column": 24 }
      },
      "125": {
        "start": { "line": 258, "column": 11 },
        "end": { "line": 263, "column": 5 }
      },
      "126": {
        "start": { "line": 259, "column": 6 },
        "end": { "line": 259, "column": 56 }
      },
      "127": {
        "start": { "line": 260, "column": 6 },
        "end": { "line": 260, "column": 24 }
      },
      "128": {
        "start": { "line": 261, "column": 11 },
        "end": { "line": 263, "column": 5 }
      },
      "129": {
        "start": { "line": 262, "column": 6 },
        "end": { "line": 262, "column": 24 }
      },
      "130": {
        "start": { "line": 264, "column": 4 },
        "end": { "line": 264, "column": 11 }
      },
      "131": {
        "start": { "line": 271, "column": 26 },
        "end": { "line": 301, "column": 1 }
      },
      "132": {
        "start": { "line": 272, "column": 17 },
        "end": { "line": 272, "column": 27 }
      },
      "133": {
        "start": { "line": 273, "column": 2 },
        "end": { "line": 300, "column": 3 }
      },
      "134": {
        "start": { "line": 274, "column": 24 },
        "end": { "line": 274, "column": 54 }
      },
      "135": {
        "start": { "line": 275, "column": 4 },
        "end": { "line": 277, "column": 5 }
      },
      "136": {
        "start": { "line": 276, "column": 6 },
        "end": { "line": 276, "column": 34 }
      },
      "137": {
        "start": { "line": 279, "column": 4 },
        "end": { "line": 284, "column": 5 }
      },
      "138": {
        "start": { "line": 283, "column": 6 },
        "end": { "line": 283, "column": 37 }
      },
      "139": {
        "start": { "line": 286, "column": 4 },
        "end": { "line": 288, "column": 6 }
      },
      "140": {
        "start": { "line": 290, "column": 4 },
        "end": { "line": 293, "column": 6 }
      },
      "141": {
        "start": { "line": 295, "column": 4 },
        "end": { "line": 298, "column": 5 }
      },
      "142": {
        "start": { "line": 296, "column": 6 },
        "end": { "line": 296, "column": 58 }
      },
      "143": {
        "start": { "line": 297, "column": 6 },
        "end": { "line": 297, "column": 24 }
      },
      "144": {
        "start": { "line": 299, "column": 4 },
        "end": { "line": 299, "column": 11 }
      },
      "145": {
        "start": { "line": 303, "column": 26 },
        "end": { "line": 327, "column": 1 }
      },
      "146": {
        "start": { "line": 304, "column": 27 },
        "end": { "line": 304, "column": 37 }
      },
      "147": {
        "start": { "line": 306, "column": 21 },
        "end": { "line": 306, "column": 31 }
      },
      "148": {
        "start": { "line": 308, "column": 2 },
        "end": { "line": 326, "column": 3 }
      },
      "149": {
        "start": { "line": 309, "column": 25 },
        "end": { "line": 313, "column": 37 }
      },
      "150": {
        "start": { "line": 316, "column": 25 },
        "end": { "line": 318, "column": 5 }
      },
      "151": {
        "start": { "line": 317, "column": 23 },
        "end": { "line": 317, "column": 50 }
      },
      "152": {
        "start": { "line": 320, "column": 4 },
        "end": { "line": 323, "column": 6 }
      },
      "153": {
        "start": { "line": 325, "column": 4 },
        "end": { "line": 325, "column": 15 }
      },
      "154": {
        "start": { "line": 329, "column": 21 },
        "end": { "line": 413, "column": 1 }
      },
      "155": {
        "start": { "line": 330, "column": 27 },
        "end": { "line": 330, "column": 37 }
      },
      "156": {
        "start": { "line": 331, "column": 19 },
        "end": { "line": 331, "column": 28 }
      },
      "157": {
        "start": { "line": 333, "column": 2 },
        "end": { "line": 412, "column": 3 }
      },
      "158": {
        "start": { "line": 334, "column": 23 },
        "end": { "line": 334, "column": 37 }
      },
      "159": {
        "start": { "line": 336, "column": 23 },
        "end": { "line": 336, "column": 64 }
      },
      "160": {
        "start": { "line": 337, "column": 21 },
        "end": { "line": 337, "column": 67 }
      },
      "161": {
        "start": { "line": 339, "column": 18 },
        "end": { "line": 339, "column": 48 }
      },
      "162": {
        "start": { "line": 340, "column": 4 },
        "end": { "line": 342, "column": 5 }
      },
      "163": {
        "start": { "line": 341, "column": 6 },
        "end": { "line": 341, "column": 40 }
      },
      "164": {
        "start": { "line": 344, "column": 25 },
        "end": { "line": 352, "column": 6 }
      },
      "165": {
        "start": { "line": 354, "column": 21 },
        "end": { "line": 354, "column": 35 }
      },
      "166": {
        "start": { "line": 355, "column": 22 },
        "end": { "line": 355, "column": 37 }
      },
      "167": {
        "start": { "line": 357, "column": 21 },
        "end": { "line": 357, "column": 51 }
      },
      "168": {
        "start": { "line": 358, "column": 23 },
        "end": { "line": 358, "column": 50 }
      },
      "169": {
        "start": { "line": 359, "column": 22 },
        "end": { "line": 359, "column": 53 }
      },
      "170": {
        "start": { "line": 360, "column": 24 },
        "end": { "line": 360, "column": 52 }
      },
      "171": {
        "start": { "line": 362, "column": 22 },
        "end": { "line": 362, "column": 30 }
      },
      "172": {
        "start": { "line": 363, "column": 24 },
        "end": { "line": 363, "column": 34 }
      },
      "173": {
        "start": { "line": 365, "column": 18 },
        "end": { "line": 365, "column": 28 }
      },
      "174": {
        "start": { "line": 366, "column": 28 },
        "end": { "line": 366, "column": 44 }
      },
      "175": {
        "start": { "line": 368, "column": 22 },
        "end": { "line": 368, "column": 24 }
      },
      "176": {
        "start": { "line": 370, "column": 26 },
        "end": { "line": 375, "column": 6 }
      },
      "177": {
        "start": { "line": 371, "column": 19 },
        "end": { "line": 371, "column": 56 }
      },
      "178": {
        "start": { "line": 372, "column": 20 },
        "end": { "line": 372, "column": 63 }
      },
      "179": {
        "start": { "line": 373, "column": 22 },
        "end": { "line": 373, "column": 67 }
      },
      "180": {
        "start": { "line": 374, "column": 6 },
        "end": { "line": 374, "column": 34 }
      },
      "181": {
        "start": { "line": 377, "column": 4 },
        "end": { "line": 400, "column": 5 }
      },
      "182": {
        "start": { "line": 381, "column": 19 },
        "end": { "line": 383, "column": 72 }
      },
      "183": {
        "start": { "line": 384, "column": 22 },
        "end": { "line": 384, "column": 51 }
      },
      "184": {
        "start": { "line": 385, "column": 6 },
        "end": { "line": 393, "column": 7 }
      },
      "185": {
        "start": { "line": 390, "column": 8 },
        "end": { "line": 392, "column": 9 }
      },
      "186": {
        "start": { "line": 391, "column": 10 },
        "end": { "line": 391, "column": 27 }
      },
      "187": {
        "start": { "line": 395, "column": 6 },
        "end": { "line": 395, "column": 41 }
      },
      "188": {
        "start": { "line": 396, "column": 6 },
        "end": { "line": 396, "column": 22 }
      },
      "189": {
        "start": { "line": 397, "column": 6 },
        "end": { "line": 399, "column": 7 }
      },
      "190": {
        "start": { "line": 398, "column": 8 },
        "end": { "line": 398, "column": 25 }
      },
      "191": {
        "start": { "line": 402, "column": 4 },
        "end": { "line": 405, "column": 6 }
      },
      "192": {
        "start": { "line": 407, "column": 4 },
        "end": { "line": 410, "column": 5 }
      },
      "193": {
        "start": { "line": 408, "column": 6 },
        "end": { "line": 408, "column": 58 }
      },
      "194": {
        "start": { "line": 409, "column": 6 },
        "end": { "line": 409, "column": 24 }
      },
      "195": {
        "start": { "line": 411, "column": 4 },
        "end": { "line": 411, "column": 11 }
      },
      "196": {
        "start": { "line": 415, "column": 30 },
        "end": { "line": 431, "column": 1 }
      },
      "197": {
        "start": { "line": 416, "column": 2 },
        "end": { "line": 430, "column": 3 }
      },
      "198": {
        "start": { "line": 417, "column": 16 },
        "end": { "line": 417, "column": 26 }
      },
      "199": {
        "start": { "line": 418, "column": 16 },
        "end": { "line": 426, "column": 5 }
      },
      "200": {
        "start": { "line": 427, "column": 4 },
        "end": { "line": 427, "column": 14 }
      },
      "201": {
        "start": { "line": 429, "column": 4 },
        "end": { "line": 429, "column": 11 }
      },
      "202": {
        "start": { "line": 433, "column": 0 },
        "end": { "line": 442, "column": 1 }
      }
    },
    "fnMap": {
      "0": {
        "name": "(anonymous_0)",
        "decl": {
          "start": { "line": 8, "column": 24 },
          "end": { "line": 8, "column": 25 }
        },
        "loc": {
          "start": { "line": 8, "column": 50 },
          "end": { "line": 73, "column": 1 }
        },
        "line": 8
      },
      "1": {
        "name": "(anonymous_1)",
        "decl": {
          "start": { "line": 37, "column": 50 },
          "end": { "line": 37, "column": 51 }
        },
        "loc": {
          "start": { "line": 37, "column": 67 },
          "end": { "line": 54, "column": 5 }
        },
        "line": 37
      },
      "2": {
        "name": "(anonymous_2)",
        "decl": {
          "start": { "line": 43, "column": 8 },
          "end": { "line": 43, "column": 9 }
        },
        "loc": {
          "start": { "line": 43, "column": 18 },
          "end": { "line": 43, "column": 69 }
        },
        "line": 43
      },
      "3": {
        "name": "(anonymous_3)",
        "decl": {
          "start": { "line": 57, "column": 32 },
          "end": { "line": 57, "column": 33 }
        },
        "loc": {
          "start": { "line": 57, "column": 42 },
          "end": { "line": 63, "column": 7 }
        },
        "line": 57
      },
      "4": {
        "name": "(anonymous_4)",
        "decl": {
          "start": { "line": 78, "column": 23 },
          "end": { "line": 78, "column": 24 }
        },
        "loc": {
          "start": { "line": 78, "column": 49 },
          "end": { "line": 114, "column": 1 }
        },
        "line": 78
      },
      "5": {
        "name": "(anonymous_5)",
        "decl": {
          "start": { "line": 94, "column": 6 },
          "end": { "line": 94, "column": 7 }
        },
        "loc": {
          "start": { "line": 94, "column": 16 },
          "end": { "line": 94, "column": 67 }
        },
        "line": 94
      },
      "6": {
        "name": "(anonymous_6)",
        "decl": {
          "start": { "line": 119, "column": 23 },
          "end": { "line": 119, "column": 24 }
        },
        "loc": {
          "start": { "line": 119, "column": 49 },
          "end": { "line": 195, "column": 1 }
        },
        "line": 119
      },
      "7": {
        "name": "(anonymous_7)",
        "decl": {
          "start": { "line": 200, "column": 26 },
          "end": { "line": 200, "column": 27 }
        },
        "loc": {
          "start": { "line": 200, "column": 52 },
          "end": { "line": 266, "column": 1 }
        },
        "line": 200
      },
      "8": {
        "name": "(anonymous_8)",
        "decl": {
          "start": { "line": 271, "column": 26 },
          "end": { "line": 271, "column": 27 }
        },
        "loc": {
          "start": { "line": 271, "column": 52 },
          "end": { "line": 301, "column": 1 }
        },
        "line": 271
      },
      "9": {
        "name": "(anonymous_9)",
        "decl": {
          "start": { "line": 303, "column": 26 },
          "end": { "line": 303, "column": 27 }
        },
        "loc": {
          "start": { "line": 303, "column": 52 },
          "end": { "line": 327, "column": 1 }
        },
        "line": 303
      },
      "10": {
        "name": "(anonymous_10)",
        "decl": {
          "start": { "line": 317, "column": 6 },
          "end": { "line": 317, "column": 7 }
        },
        "loc": {
          "start": { "line": 317, "column": 23 },
          "end": { "line": 317, "column": 50 }
        },
        "line": 317
      },
      "11": {
        "name": "(anonymous_11)",
        "decl": {
          "start": { "line": 329, "column": 21 },
          "end": { "line": 329, "column": 22 }
        },
        "loc": {
          "start": { "line": 329, "column": 47 },
          "end": { "line": 413, "column": 1 }
        },
        "line": 329
      },
      "12": {
        "name": "(anonymous_12)",
        "decl": {
          "start": { "line": 370, "column": 43 },
          "end": { "line": 370, "column": 44 }
        },
        "loc": {
          "start": { "line": 370, "column": 60 },
          "end": { "line": 375, "column": 5 }
        },
        "line": 370
      },
      "13": {
        "name": "(anonymous_13)",
        "decl": {
          "start": { "line": 415, "column": 30 },
          "end": { "line": 415, "column": 31 }
        },
        "loc": {
          "start": { "line": 415, "column": 42 },
          "end": { "line": 431, "column": 1 }
        },
        "line": 415
      }
    },
    "branchMap": {
      "0": {
        "loc": {
          "start": { "line": 10, "column": 2 },
          "end": { "line": 12, "column": 3 }
        },
        "type": "if",
        "locations": [
          {
            "start": { "line": 10, "column": 2 },
            "end": { "line": 12, "column": 3 }
          },
          { "start": {}, "end": {} }
        ],
        "line": 10
      },
      "1": {
        "loc": {
          "start": { "line": 10, "column": 6 },
          "end": { "line": 10, "column": 54 }
        },
        "type": "binary-expr",
        "locations": [
          {
            "start": { "line": 10, "column": 6 },
            "end": { "line": 10, "column": 31 }
          },
          {
            "start": { "line": 10, "column": 35 },
            "end": { "line": 10, "column": 54 }
          }
        ],
        "line": 10
      },
      "2": {
        "loc": {
          "start": { "line": 17, "column": 2 },
          "end": { "line": 19, "column": 3 }
        },
        "type": "if",
        "locations": [
          {
            "start": { "line": 17, "column": 2 },
            "end": { "line": 19, "column": 3 }
          },
          { "start": {}, "end": {} }
        ],
        "line": 17
      },
      "3": {
        "loc": {
          "start": { "line": 23, "column": 4 },
          "end": { "line": 23, "column": 69 }
        },
        "type": "binary-expr",
        "locations": [
          {
            "start": { "line": 23, "column": 4 },
            "end": { "line": 23, "column": 34 }
          },
          {
            "start": { "line": 23, "column": 38 },
            "end": { "line": 23, "column": 69 }
          }
        ],
        "line": 23
      },
      "4": {
        "loc": {
          "start": { "line": 38, "column": 6 },
          "end": { "line": 40, "column": 7 }
        },
        "type": "if",
        "locations": [
          {
            "start": { "line": 38, "column": 6 },
            "end": { "line": 40, "column": 7 }
          },
          { "start": {}, "end": {} }
        ],
        "line": 38
      },
      "5": {
        "loc": {
          "start": { "line": 38, "column": 10 },
          "end": { "line": 38, "column": 56 }
        },
        "type": "binary-expr",
        "locations": [
          {
            "start": { "line": 38, "column": 10 },
            "end": { "line": 38, "column": 28 }
          },
          {
            "start": { "line": 38, "column": 32 },
            "end": { "line": 38, "column": 56 }
          }
        ],
        "line": 38
      },
      "6": {
        "loc": {
          "start": { "line": 52, "column": 14 },
          "end": { "line": 52, "column": 33 }
        },
        "type": "binary-expr",
        "locations": [
          {
            "start": { "line": 52, "column": 14 },
            "end": { "line": 52, "column": 25 }
          },
          {
            "start": { "line": 52, "column": 29 },
            "end": { "line": 52, "column": 33 }
          }
        ],
        "line": 52
      },
      "7": {
        "loc": {
          "start": { "line": 56, "column": 4 },
          "end": { "line": 64, "column": 5 }
        },
        "type": "if",
        "locations": [
          {
            "start": { "line": 56, "column": 4 },
            "end": { "line": 64, "column": 5 }
          },
          { "start": {}, "end": {} }
        ],
        "line": 56
      },
      "8": {
        "loc": {
          "start": { "line": 58, "column": 23 },
          "end": { "line": 58, "column": 41 }
        },
        "type": "binary-expr",
        "locations": [
          {
            "start": { "line": 58, "column": 23 },
            "end": { "line": 58, "column": 36 }
          },
          {
            "start": { "line": 58, "column": 40 },
            "end": { "line": 58, "column": 41 }
          }
        ],
        "line": 58
      },
      "9": {
        "loc": {
          "start": { "line": 59, "column": 23 },
          "end": { "line": 59, "column": 41 }
        },
        "type": "binary-expr",
        "locations": [
          {
            "start": { "line": 59, "column": 23 },
            "end": { "line": 59, "column": 36 }
          },
          {
            "start": { "line": 59, "column": 40 },
            "end": { "line": 59, "column": 41 }
          }
        ],
        "line": 59
      },
      "10": {
        "loc": {
          "start": { "line": 60, "column": 15 },
          "end": { "line": 62, "column": 27 }
        },
        "type": "cond-expr",
        "locations": [
          {
            "start": { "line": 61, "column": 12 },
            "end": { "line": 61, "column": 27 }
          },
          {
            "start": { "line": 62, "column": 12 },
            "end": { "line": 62, "column": 27 }
          }
        ],
        "line": 60
      },
      "11": {
        "loc": {
          "start": { "line": 86, "column": 4 },
          "end": { "line": 88, "column": 5 }
        },
        "type": "if",
        "locations": [
          {
            "start": { "line": 86, "column": 4 },
            "end": { "line": 88, "column": 5 }
          },
          { "start": {}, "end": {} }
        ],
        "line": 86
      },
      "12": {
        "loc": {
          "start": { "line": 108, "column": 4 },
          "end": { "line": 111, "column": 5 }
        },
        "type": "if",
        "locations": [
          {
            "start": { "line": 108, "column": 4 },
            "end": { "line": 111, "column": 5 }
          },
          { "start": {}, "end": {} }
        ],
        "line": 108
      },
      "13": {
        "loc": {
          "start": { "line": 108, "column": 8 },
          "end": { "line": 108, "column": 57 }
        },
        "type": "binary-expr",
        "locations": [
          {
            "start": { "line": 108, "column": 8 },
            "end": { "line": 108, "column": 29 }
          },
          {
            "start": { "line": 108, "column": 33 },
            "end": { "line": 108, "column": 57 }
          }
        ],
        "line": 108
      },
      "14": {
        "loc": {
          "start": { "line": 129, "column": 4 },
          "end": { "line": 131, "column": 5 }
        },
        "type": "if",
        "locations": [
          {
            "start": { "line": 129, "column": 4 },
            "end": { "line": 131, "column": 5 }
          },
          { "start": {}, "end": {} }
        ],
        "line": 129
      },
      "15": {
        "loc": {
          "start": { "line": 134, "column": 4 },
          "end": { "line": 136, "column": 5 }
        },
        "type": "if",
        "locations": [
          {
            "start": { "line": 134, "column": 4 },
            "end": { "line": 136, "column": 5 }
          },
          { "start": {}, "end": {} }
        ],
        "line": 134
      },
      "16": {
        "loc": {
          "start": { "line": 145, "column": 4 },
          "end": { "line": 147, "column": 5 }
        },
        "type": "if",
        "locations": [
          {
            "start": { "line": 145, "column": 4 },
            "end": { "line": 147, "column": 5 }
          },
          { "start": {}, "end": {} }
        ],
        "line": 145
      },
      "17": {
        "loc": {
          "start": { "line": 157, "column": 4 },
          "end": { "line": 162, "column": 5 }
        },
        "type": "if",
        "locations": [
          {
            "start": { "line": 157, "column": 4 },
            "end": { "line": 162, "column": 5 }
          },
          { "start": {}, "end": {} }
        ],
        "line": 157
      },
      "18": {
        "loc": {
          "start": { "line": 158, "column": 6 },
          "end": { "line": 159, "column": 31 }
        },
        "type": "binary-expr",
        "locations": [
          {
            "start": { "line": 158, "column": 6 },
            "end": { "line": 158, "column": 55 }
          },
          {
            "start": { "line": 159, "column": 6 },
            "end": { "line": 159, "column": 31 }
          }
        ],
        "line": 158
      },
      "19": {
        "loc": {
          "start": { "line": 165, "column": 4 },
          "end": { "line": 167, "column": 5 }
        },
        "type": "if",
        "locations": [
          {
            "start": { "line": 165, "column": 4 },
            "end": { "line": 167, "column": 5 }
          },
          { "start": {}, "end": {} }
        ],
        "line": 165
      },
      "20": {
        "loc": {
          "start": { "line": 176, "column": 4 },
          "end": { "line": 192, "column": 5 }
        },
        "type": "if",
        "locations": [
          {
            "start": { "line": 176, "column": 4 },
            "end": { "line": 192, "column": 5 }
          },
          {
            "start": { "line": 179, "column": 11 },
            "end": { "line": 192, "column": 5 }
          }
        ],
        "line": 176
      },
      "21": {
        "loc": {
          "start": { "line": 179, "column": 11 },
          "end": { "line": 192, "column": 5 }
        },
        "type": "if",
        "locations": [
          {
            "start": { "line": 179, "column": 11 },
            "end": { "line": 192, "column": 5 }
          },
          {
            "start": { "line": 182, "column": 11 },
            "end": { "line": 192, "column": 5 }
          }
        ],
        "line": 179
      },
      "22": {
        "loc": {
          "start": { "line": 182, "column": 11 },
          "end": { "line": 192, "column": 5 }
        },
        "type": "if",
        "locations": [
          {
            "start": { "line": 182, "column": 11 },
            "end": { "line": 192, "column": 5 }
          },
          {
            "start": { "line": 185, "column": 11 },
            "end": { "line": 192, "column": 5 }
          }
        ],
        "line": 182
      },
      "23": {
        "loc": {
          "start": { "line": 185, "column": 11 },
          "end": { "line": 192, "column": 5 }
        },
        "type": "if",
        "locations": [
          {
            "start": { "line": 185, "column": 11 },
            "end": { "line": 192, "column": 5 }
          },
          {
            "start": { "line": 188, "column": 11 },
            "end": { "line": 192, "column": 5 }
          }
        ],
        "line": 185
      },
      "24": {
        "loc": {
          "start": { "line": 188, "column": 11 },
          "end": { "line": 192, "column": 5 }
        },
        "type": "if",
        "locations": [
          {
            "start": { "line": 188, "column": 11 },
            "end": { "line": 192, "column": 5 }
          },
          {
            "start": { "line": 190, "column": 11 },
            "end": { "line": 192, "column": 5 }
          }
        ],
        "line": 188
      },
      "25": {
        "loc": {
          "start": { "line": 190, "column": 11 },
          "end": { "line": 192, "column": 5 }
        },
        "type": "if",
        "locations": [
          {
            "start": { "line": 190, "column": 11 },
            "end": { "line": 192, "column": 5 }
          },
          { "start": {}, "end": {} }
        ],
        "line": 190
      },
      "26": {
        "loc": {
          "start": { "line": 208, "column": 4 },
          "end": { "line": 210, "column": 5 }
        },
        "type": "if",
        "locations": [
          {
            "start": { "line": 208, "column": 4 },
            "end": { "line": 210, "column": 5 }
          },
          { "start": {}, "end": {} }
        ],
        "line": 208
      },
      "27": {
        "loc": {
          "start": { "line": 212, "column": 4 },
          "end": { "line": 212, "column": 68 }
        },
        "type": "if",
        "locations": [
          {
            "start": { "line": 212, "column": 4 },
            "end": { "line": 212, "column": 68 }
          },
          { "start": {}, "end": {} }
        ],
        "line": 212
      },
      "28": {
        "loc": {
          "start": { "line": 213, "column": 4 },
          "end": { "line": 213, "column": 65 }
        },
        "type": "if",
        "locations": [
          {
            "start": { "line": 213, "column": 4 },
            "end": { "line": 213, "column": 65 }
          },
          { "start": {}, "end": {} }
        ],
        "line": 213
      },
      "29": {
        "loc": {
          "start": { "line": 214, "column": 4 },
          "end": { "line": 215, "column": 55 }
        },
        "type": "if",
        "locations": [
          {
            "start": { "line": 214, "column": 4 },
            "end": { "line": 215, "column": 55 }
          },
          { "start": {}, "end": {} }
        ],
        "line": 214
      },
      "30": {
        "loc": {
          "start": { "line": 217, "column": 4 },
          "end": { "line": 222, "column": 5 }
        },
        "type": "if",
        "locations": [
          {
            "start": { "line": 217, "column": 4 },
            "end": { "line": 222, "column": 5 }
          },
          { "start": {}, "end": {} }
        ],
        "line": 217
      },
      "31": {
        "loc": {
          "start": { "line": 218, "column": 6 },
          "end": { "line": 219, "column": 31 }
        },
        "type": "binary-expr",
        "locations": [
          {
            "start": { "line": 218, "column": 6 },
            "end": { "line": 218, "column": 53 }
          },
          {
            "start": { "line": 219, "column": 6 },
            "end": { "line": 219, "column": 31 }
          }
        ],
        "line": 218
      },
      "32": {
        "loc": {
          "start": { "line": 225, "column": 4 },
          "end": { "line": 227, "column": 5 }
        },
        "type": "if",
        "locations": [
          {
            "start": { "line": 225, "column": 4 },
            "end": { "line": 227, "column": 5 }
          },
          { "start": {}, "end": {} }
        ],
        "line": 225
      },
      "33": {
        "loc": {
          "start": { "line": 230, "column": 4 },
          "end": { "line": 232, "column": 5 }
        },
        "type": "if",
        "locations": [
          {
            "start": { "line": 230, "column": 4 },
            "end": { "line": 232, "column": 5 }
          },
          { "start": {}, "end": {} }
        ],
        "line": 230
      },
      "34": {
        "loc": {
          "start": { "line": 235, "column": 4 },
          "end": { "line": 237, "column": 5 }
        },
        "type": "if",
        "locations": [
          {
            "start": { "line": 235, "column": 4 },
            "end": { "line": 237, "column": 5 }
          },
          { "start": {}, "end": {} }
        ],
        "line": 235
      },
      "35": {
        "loc": {
          "start": { "line": 249, "column": 4 },
          "end": { "line": 263, "column": 5 }
        },
        "type": "if",
        "locations": [
          {
            "start": { "line": 249, "column": 4 },
            "end": { "line": 263, "column": 5 }
          },
          {
            "start": { "line": 252, "column": 11 },
            "end": { "line": 263, "column": 5 }
          }
        ],
        "line": 249
      },
      "36": {
        "loc": {
          "start": { "line": 252, "column": 11 },
          "end": { "line": 263, "column": 5 }
        },
        "type": "if",
        "locations": [
          {
            "start": { "line": 252, "column": 11 },
            "end": { "line": 263, "column": 5 }
          },
          {
            "start": { "line": 255, "column": 11 },
            "end": { "line": 263, "column": 5 }
          }
        ],
        "line": 252
      },
      "37": {
        "loc": {
          "start": { "line": 255, "column": 11 },
          "end": { "line": 263, "column": 5 }
        },
        "type": "if",
        "locations": [
          {
            "start": { "line": 255, "column": 11 },
            "end": { "line": 263, "column": 5 }
          },
          {
            "start": { "line": 258, "column": 11 },
            "end": { "line": 263, "column": 5 }
          }
        ],
        "line": 255
      },
      "38": {
        "loc": {
          "start": { "line": 258, "column": 11 },
          "end": { "line": 263, "column": 5 }
        },
        "type": "if",
        "locations": [
          {
            "start": { "line": 258, "column": 11 },
            "end": { "line": 263, "column": 5 }
          },
          {
            "start": { "line": 261, "column": 11 },
            "end": { "line": 263, "column": 5 }
          }
        ],
        "line": 258
      },
      "39": {
        "loc": {
          "start": { "line": 261, "column": 11 },
          "end": { "line": 263, "column": 5 }
        },
        "type": "if",
        "locations": [
          {
            "start": { "line": 261, "column": 11 },
            "end": { "line": 263, "column": 5 }
          },
          { "start": {}, "end": {} }
        ],
        "line": 261
      },
      "40": {
        "loc": {
          "start": { "line": 275, "column": 4 },
          "end": { "line": 277, "column": 5 }
        },
        "type": "if",
        "locations": [
          {
            "start": { "line": 275, "column": 4 },
            "end": { "line": 277, "column": 5 }
          },
          { "start": {}, "end": {} }
        ],
        "line": 275
      },
      "41": {
        "loc": {
          "start": { "line": 279, "column": 4 },
          "end": { "line": 284, "column": 5 }
        },
        "type": "if",
        "locations": [
          {
            "start": { "line": 279, "column": 4 },
            "end": { "line": 284, "column": 5 }
          },
          { "start": {}, "end": {} }
        ],
        "line": 279
      },
      "42": {
        "loc": {
          "start": { "line": 280, "column": 6 },
          "end": { "line": 281, "column": 31 }
        },
        "type": "binary-expr",
        "locations": [
          {
            "start": { "line": 280, "column": 6 },
            "end": { "line": 280, "column": 49 }
          },
          {
            "start": { "line": 281, "column": 6 },
            "end": { "line": 281, "column": 31 }
          }
        ],
        "line": 280
      },
      "43": {
        "loc": {
          "start": { "line": 295, "column": 4 },
          "end": { "line": 298, "column": 5 }
        },
        "type": "if",
        "locations": [
          {
            "start": { "line": 295, "column": 4 },
            "end": { "line": 298, "column": 5 }
          },
          { "start": {}, "end": {} }
        ],
        "line": 295
      },
      "44": {
        "loc": {
          "start": { "line": 295, "column": 8 },
          "end": { "line": 295, "column": 57 }
        },
        "type": "binary-expr",
        "locations": [
          {
            "start": { "line": 295, "column": 8 },
            "end": { "line": 295, "column": 29 }
          },
          {
            "start": { "line": 295, "column": 33 },
            "end": { "line": 295, "column": 57 }
          }
        ],
        "line": 295
      },
      "45": {
        "loc": {
          "start": { "line": 340, "column": 4 },
          "end": { "line": 342, "column": 5 }
        },
        "type": "if",
        "locations": [
          {
            "start": { "line": 340, "column": 4 },
            "end": { "line": 342, "column": 5 }
          },
          { "start": {}, "end": {} }
        ],
        "line": 340
      },
      "46": {
        "loc": {
          "start": { "line": 378, "column": 6 },
          "end": { "line": 379, "column": 64 }
        },
        "type": "binary-expr",
        "locations": [
          {
            "start": { "line": 378, "column": 6 },
            "end": { "line": 378, "column": 29 }
          },
          {
            "start": { "line": 379, "column": 7 },
            "end": { "line": 379, "column": 32 }
          },
          {
            "start": { "line": 379, "column": 36 },
            "end": { "line": 379, "column": 63 }
          }
        ],
        "line": 378
      },
      "47": {
        "loc": {
          "start": { "line": 385, "column": 6 },
          "end": { "line": 393, "column": 7 }
        },
        "type": "if",
        "locations": [
          {
            "start": { "line": 385, "column": 6 },
            "end": { "line": 393, "column": 7 }
          },
          { "start": {}, "end": {} }
        ],
        "line": 385
      },
      "48": {
        "loc": {
          "start": { "line": 386, "column": 8 },
          "end": { "line": 388, "column": 56 }
        },
        "type": "binary-expr",
        "locations": [
          {
            "start": { "line": 386, "column": 8 },
            "end": { "line": 386, "column": 48 }
          },
          {
            "start": { "line": 387, "column": 8 },
            "end": { "line": 387, "column": 50 }
          },
          {
            "start": { "line": 388, "column": 8 },
            "end": { "line": 388, "column": 56 }
          }
        ],
        "line": 386
      },
      "49": {
        "loc": {
          "start": { "line": 390, "column": 8 },
          "end": { "line": 392, "column": 9 }
        },
        "type": "if",
        "locations": [
          {
[...]
      "2": 1,
      "3": 1,
      "4": 1,
      "5": 1,
      "6": 1,
      "7": 1,
      "8": 1
    },
    "f": {},
    "b": {},
    "_coverageSchema": "1a1c01bbd47fc00a2c39e90264f33305004495a9",
    "hash": "fcb02de6e36cf7fd876bf0d8797586a693bdfc21"
  },
  "D:\\CEDT\\Software Engineering\\Project\\se-project-backend-1_the-backup-team\\routes\\event.js": {
    "path": "D:\\CEDT\\Software Engineering\\Project\\se-project-backend-1_the-backup-team\\routes\\event.js",
    "statementMap": {
      "0": {
        "start": { "line": 1, "column": 16 },
        "end": { "line": 1, "column": 34 }
      },
      "1": {
        "start": { "line": 2, "column": 31 },
        "end": { "line": 2, "column": 63 }
      },
      "2": {
        "start": { "line": 13, "column": 4 },
        "end": { "line": 13, "column": 39 }
      },
      "3": {
        "start": { "line": 15, "column": 15 },
        "end": { "line": 15, "column": 52 }
      },
      "4": {
        "start": { "line": 327, "column": 0 },
        "end": { "line": 327, "column": 26 }
      },
      "5": {
        "start": { "line": 328, "column": 0 },
        "end": { "line": 328, "column": 58 }
      },
      "6": {
        "start": { "line": 329, "column": 0 },
        "end": { "line": 329, "column": 61 }
      },
      "7": {
        "start": { "line": 331, "column": 0 },
        "end": { "line": 331, "column": 34 }
      },
      "8": {
        "start": { "line": 332, "column": 0 },
        "end": { "line": 332, "column": 64 }
      },
      "9": {
        "start": { "line": 333, "column": 0 },
        "end": { "line": 333, "column": 69 }
      },
      "10": {
        "start": { "line": 335, "column": 0 },
        "end": { "line": 335, "column": 56 }
      },
      "11": {
        "start": { "line": 336, "column": 0 },
        "end": { "line": 336, "column": 63 }
      },
      "12": {
        "start": { "line": 338, "column": 0 },
        "end": { "line": 338, "column": 23 }
      }
    },
    "fnMap": {},
    "branchMap": {},
    "s": {
      "0": 1,
      "1": 1,
      "2": 1,
      "3": 1,
      "4": 1,
      "5": 1,
      "6": 1,
      "7": 1,
      "8": 1,
      "9": 1,
      "10": 1,
      "11": 1,
      "12": 1
    },
    "f": {},
    "b": {},
    "_coverageSchema": "1a1c01bbd47fc00a2c39e90264f33305004495a9",
    "hash": "2fe4f3b851e7d1ffdf797e2931f65496ab44298c"
  },
  "D:\\CEDT\\Software Engineering\\Project\\se-project-backend-1_the-backup-team\\routes\\getReservesByRoom.js": {
    "path": "D:\\CEDT\\Software Engineering\\Project\\se-project-backend-1_the-backup-team\\routes\\getReservesByRoom.js",
    "statementMap": {
      "0": {
        "start": { "line": 1, "column": 16 },
        "end": { "line": 1, "column": 34 }
      },
      "1": {
        "start": { "line": 2, "column": 31 },
        "end": { "line": 2, "column": 63 }
      },
      "2": {
        "start": { "line": 4, "column": 30 },
        "end": { "line": 4, "column": 71 }
      },
      "3": {
        "start": { "line": 6, "column": 15 },
        "end": { "line": 6, "column": 52 }
      },
      "4": {
        "start": { "line": 8, "column": 0 },
        "end": { "line": 8, "column": 61 }
      },
      "5": {
        "start": { "line": 10, "column": 0 },
        "end": { "line": 10, "column": 23 }
      }
    },
    "fnMap": {},
    "branchMap": {},
    "s": { "0": 1, "1": 1, "2": 1, "3": 1, "4": 1, "5": 1 },
    "f": {},
    "b": {},
    "_coverageSchema": "1a1c01bbd47fc00a2c39e90264f33305004495a9",
    "hash": "3e96b8c3a357921b388f3f920fe27004b936c04f"
  },
  "D:\\CEDT\\Software Engineering\\Project\\se-project-backend-1_the-backup-team\\routes\\reservations.js": {
    "path": "D:\\CEDT\\Software Engineering\\Project\\se-project-backend-1_the-backup-team\\routes\\reservations.js",
    "statementMap": {
      "0": {
        "start": { "line": 1, "column": 16 },
        "end": { "line": 1, "column": 34 }
      },
      "1": {
        "start": { "line": 2, "column": 31 },
        "end": { "line": 2, "column": 63 }
      },
      "2": {
        "start": { "line": 11, "column": 4 },
        "end": { "line": 11, "column": 45 }
      },
      "3": {
        "start": { "line": 12, "column": 15 },
        "end": { "line": 12, "column": 52 }
      },
      "4": {
        "start": { "line": 14, "column": 0 },
        "end": { "line": 14, "column": 41 }
      },
      "5": {
        "start": { "line": 15, "column": 0 },
        "end": { "line": 15, "column": 69 }
      },
      "6": {
        "start": { "line": 17, "column": 0 },
        "end": { "line": 17, "column": 43 }
      },
      "7": {
        "start": { "line": 18, "column": 0 },
        "end": { "line": 18, "column": 74 }
      },
      "8": {
        "start": { "line": 19, "column": 0 },
        "end": { "line": 19, "column": 77 }
      },
      "9": {
        "start": { "line": 21, "column": 0 },
        "end": { "line": 21, "column": 23 }
      }
    },
    "fnMap": {},
    "branchMap": {},
    "s": {
      "0": 1,
      "1": 1,
      "2": 1,
      "3": 1,
      "4": 1,
      "5": 1,
      "6": 1,
      "7": 1,
      "8": 1,
      "9": 1
    },
    "f": {},
    "b": {},
    "_coverageSchema": "1a1c01bbd47fc00a2c39e90264f33305004495a9",
    "hash": "1b9113d491936de9141cba6973204a9a6cee5bc9"
  },
  "D:\\CEDT\\Software Engineering\\Project\\se-project-backend-1_the-backup-team\\routes\\review.js": {
    "path": "D:\\CEDT\\Software Engineering\\Project\\se-project-backend-1_the-backup-team\\routes\\review.js",
    "statementMap": {
      "0": {
        "start": { "line": 1, "column": 16 },
        "end": { "line": 1, "column": 34 }
      },
      "1": {
        "start": { "line": 2, "column": 31 },
        "end": { "line": 2, "column": 63 }
      },
      "2": {
        "start": { "line": 4, "column": 19 },
        "end": { "line": 4, "column": 55 }
      },
      "3": {
        "start": { "line": 6, "column": 15 },
        "end": { "line": 6, "column": 52 }
      },
      "4": {
        "start": { "line": 276, "column": 0 },
        "end": { "line": 276, "column": 38 }
      },
      "5": {
        "start": { "line": 277, "column": 0 },
        "end": { "line": 277, "column": 76 }
      },
      "6": {
        "start": { "line": 279, "column": 0 },
        "end": { "line": 279, "column": 60 }
      },
      "7": {
        "start": { "line": 280, "column": 0 },
        "end": { "line": 285, "column": 1 }
      },
      "8": {
        "start": { "line": 286, "column": 0 },
        "end": { "line": 291, "column": 1 }
      },
      "9": {
        "start": { "line": 293, "column": 0 },
        "end": { "line": 293, "column": 66 }
      },
      "10": {
        "start": { "line": 294, "column": 0 },
        "end": { "line": 294, "column": 70 }
      },
      "11": {
        "start": { "line": 296, "column": 0 },
        "end": { "line": 296, "column": 23 }
      }
    },
    "fnMap": {},
    "branchMap": {},
    "s": {
      "0": 1,
      "1": 1,
      "2": 1,
      "3": 1,
      "4": 1,
      "5": 1,
      "6": 1,
      "7": 1,
      "8": 1,
      "9": 1,
      "10": 1,
      "11": 1
    },
    "f": {},
    "b": {},
    "_coverageSchema": "1a1c01bbd47fc00a2c39e90264f33305004495a9",
    "hash": "ab0793e1c4c1403dc721bda202c24fe96f5f2c8a"
  },
  "D:\\CEDT\\Software Engineering\\Project\\se-project-backend-1_the-backup-team\\routes\\rooms.js": {
    "path": "D:\\CEDT\\Software Engineering\\Project\\se-project-backend-1_the-backup-team\\routes\\rooms.js",
    "statementMap": {
      "0": {
        "start": { "line": 1, "column": 16 },
        "end": { "line": 1, "column": 34 }
      },
      "1": {
        "start": { "line": 2, "column": 31 },
        "end": { "line": 2, "column": 63 }
      },
      "2": {
        "start": { "line": 9, "column": 4 },
        "end": { "line": 9, "column": 38 }
      },
      "3": {
        "start": { "line": 13, "column": 4 },
        "end": { "line": 13, "column": 45 }
      },
      "4": {
        "start": { "line": 15, "column": 15 },
        "end": { "line": 15, "column": 52 }
      },
      "5": {
        "start": { "line": 17, "column": 0 },
        "end": { "line": 17, "column": 25 }
      },
      "6": {
        "start": { "line": 18, "column": 0 },
        "end": { "line": 18, "column": 54 }
      },
      "7": {
        "start": { "line": 20, "column": 0 },
        "end": { "line": 20, "column": 50 }
      },
      "8": {
        "start": { "line": 21, "column": 0 },
        "end": { "line": 21, "column": 55 }
      },
      "9": {
        "start": { "line": 22, "column": 0 },
        "end": { "line": 22, "column": 27 }
      },
      "10": {
        "start": { "line": 23, "column": 0 },
        "end": { "line": 23, "column": 59 }
      },
      "11": {
        "start": { "line": 24, "column": 0 },
        "end": { "line": 24, "column": 62 }
      },
      "12": {
        "start": { "line": 26, "column": 0 },
        "end": { "line": 26, "column": 23 }
      }
    },
    "fnMap": {},
    "branchMap": {},
    "s": {
      "0": 1,
      "1": 1,
      "2": 1,
      "3": 1,
      "4": 1,
      "5": 1,
      "6": 1,
      "7": 1,
      "8": 1,
      "9": 1,
      "10": 1,
      "11": 1,
      "12": 1
    },
    "f": {},
    "b": {},
    "_coverageSchema": "1a1c01bbd47fc00a2c39e90264f33305004495a9",
    "hash": "951dcb761ba50acae5730703765a31f16749de21"
  },
  "D:\\CEDT\\Software Engineering\\Project\\se-project-backend-1_the-backup-team\\routes\\spaces.js": {
    "path": "D:\\CEDT\\Software Engineering\\Project\\se-project-backend-1_the-backup-team\\routes\\spaces.js",
    "statementMap": {
      "0": {
        "start": { "line": 1, "column": 16 },
        "end": { "line": 1, "column": 34 }
      },
      "1": {
        "start": { "line": 2, "column": 31 },
        "end": { "line": 2, "column": 63 }
      },
      "2": {
        "start": { "line": 9, "column": 4 },
        "end": { "line": 9, "column": 39 }
      },
      "3": {
        "start": { "line": 11, "column": 15 },
        "end": { "line": 11, "column": 31 }
      },
      "4": {
        "start": { "line": 13, "column": 26 },
        "end": { "line": 13, "column": 54 }
      },
      "5": {
        "start": { "line": 14, "column": 19 },
        "end": { "line": 14, "column": 40 }
      },
      "6": {
        "start": { "line": 15, "column": 21 },
        "end": { "line": 15, "column": 43 }
      },
      "7": {
        "start": { "line": 17, "column": 0 },
        "end": { "line": 17, "column": 57 }
      },
      "8": {
        "start": { "line": 18, "column": 0 },
        "end": { "line": 18, "column": 42 }
      },
      "9": {
        "start": { "line": 19, "column": 0 },
        "end": { "line": 19, "column": 46 }
      },
      "10": {
        "start": { "line": 21, "column": 0 },
        "end": { "line": 21, "column": 26 }
      },
      "11": {
        "start": { "line": 22, "column": 0 },
        "end": { "line": 22, "column": 55 }
      },
      "12": {
        "start": { "line": 24, "column": 0 },
        "end": { "line": 24, "column": 28 }
      },
      "13": {
        "start": { "line": 25, "column": 0 },
        "end": { "line": 25, "column": 60 }
      },
      "14": {
        "start": { "line": 26, "column": 0 },
        "end": { "line": 26, "column": 63 }
      },
      "15": {
        "start": { "line": 28, "column": 0 },
        "end": { "line": 28, "column": 23 }
      }
    },
    "fnMap": {},
    "branchMap": {},
    "s": {
      "0": 1,
      "1": 1,
      "2": 1,
      "3": 1,
      "4": 1,
      "5": 1,
      "6": 1,
      "7": 1,
      "8": 1,
      "9": 1,
      "10": 1,
      "11": 1,
      "12": 1,
      "13": 1,
      "14": 1,
      "15": 1
    },
    "f": {},
    "b": {},
    "_coverageSchema": "1a1c01bbd47fc00a2c39e90264f33305004495a9",
    "hash": "c10d5011d756394ccd2de5595982f8b39934a18d"
  },
  "D:\\CEDT\\Software Engineering\\Project\\se-project-backend-1_the-backup-team\\routes\\users.js": {
    "path": "D:\\CEDT\\Software Engineering\\Project\\se-project-backend-1_the-backup-team\\routes\\users.js",
    "statementMap": {
      "0": {
        "start": { "line": 1, "column": 16 },
        "end": { "line": 1, "column": 34 }
      },
      "1": {
        "start": { "line": 2, "column": 23 },
        "end": { "line": 2, "column": 54 }
      },
      "2": {
        "start": { "line": 4, "column": 15 },
        "end": { "line": 4, "column": 31 }
      },
      "3": {
        "start": { "line": 6, "column": 0 },
        "end": { "line": 6, "column": 30 }
      },
      "4": {
        "start": { "line": 8, "column": 0 },
        "end": { "line": 8, "column": 23 }
      }
    },
    "fnMap": {},
    "branchMap": {},
    "s": { "0": 1, "1": 1, "2": 1, "3": 1, "4": 1 },
    "f": {},
    "b": {},
    "_coverageSchema": "1a1c01bbd47fc00a2c39e90264f33305004495a9",
    "hash": "48a739ddaeb23e095e27ab9dd794c4473422a0c4"
  },
  "D:\\CEDT\\Software Engineering\\Project\\se-project-backend-1_the-backup-team\\tests\\memory-server.js": {
    "path": "D:\\CEDT\\Software Engineering\\Project\\se-project-backend-1_the-backup-team\\tests\\memory-server.js",
    "statementMap": {
      "0": {
        "start": { "line": 1, "column": 17 },
        "end": { "line": 1, "column": 36 }
      },
      "1": {
        "start": { "line": 2, "column": 30 },
        "end": { "line": 2, "column": 62 }
      },
      "2": {
        "start": { "line": 6, "column": 18 },
        "end": { "line": 9, "column": 1 }
      },
      "3": {
        "start": { "line": 7, "column": 2 },
        "end": { "line": 7, "column": 48 }
      },
      "4": {
        "start": { "line": 8, "column": 2 },
        "end": { "line": 8, "column": 46 }
      },
      "5": {
        "start": { "line": 11, "column": 21 },
        "end": { "line": 14, "column": 1 }
      },
      "6": {
        "start": { "line": 12, "column": 2 },
        "end": { "line": 12, "column": 35 }
      },
      "7": {
        "start": { "line": 13, "column": 2 },
        "end": { "line": 13, "column": 26 }
      },
      "8": {
        "start": { "line": 16, "column": 0 },
        "end": { "line": 19, "column": 1 }
      }
    },
    "fnMap": {
      "0": {
        "name": "(anonymous_0)",
        "decl": {
          "start": { "line": 6, "column": 18 },
          "end": { "line": 6, "column": 19 }
        },
        "loc": {
          "start": { "line": 6, "column": 30 },
          "end": { "line": 9, "column": 1 }
        },
        "line": 6
      },
      "1": {
        "name": "(anonymous_1)",
        "decl": {
          "start": { "line": 11, "column": 21 },
          "end": { "line": 11, "column": 22 }
        },
        "loc": {
          "start": { "line": 11, "column": 33 },
          "end": { "line": 14, "column": 1 }
        },
        "line": 11
      }
    },
    "branchMap": {},
    "s": {
      "0": 1,
      "1": 1,
      "2": 1,
      "3": 1,
      "4": 1,
      "5": 1,
      "6": 1,
      "7": 1,
      "8": 1
    },
    "f": { "0": 1, "1": 1 },
    "b": {},
    "_coverageSchema": "1a1c01bbd47fc00a2c39e90264f33305004495a9",
    "hash": "a5a06a51090c4c84cf3bc71b34e5cd1711256e52"
  },
  "D:\\CEDT\\Software Engineering\\Project\\se-project-backend-1_the-backup-team\\utils\\cron.js": {
    "path": "D:\\CEDT\\Software Engineering\\Project\\se-project-backend-1_the-backup-team\\utils\\cron.js",
    "statementMap": {
      "0": {
        "start": { "line": 1, "column": 13 },
        "end": { "line": 1, "column": 33 }
      },
      "1": {
        "start": { "line": 2, "column": 34 },
        "end": { "line": 2, "column": 72 }
      },
      "2": {
        "start": { "line": 4, "column": 36 },
        "end": { "line": 16, "column": 1 }
      },
      "3": {
        "start": { "line": 5, "column": 2 },
        "end": { "line": 15, "column": 3 }
      },
      "4": {
        "start": { "line": 6, "column": 4 },
        "end": { "line": 6, "column": 51 }
      },
      "5": {
        "start": { "line": 7, "column": 22 },
        "end": { "line": 7, "column": 32 }
      },
      "6": {
        "start": { "line": 8, "column": 4 },
        "end": { "line": 8, "column": 33 }
      },
      "7": {
        "start": { "line": 9, "column": 24 },
        "end": { "line": 9, "column": 46 }
      },
      "8": {
        "start": { "line": 10, "column": 4 },
        "end": { "line": 10, "column": 47 }
      },
      "9": {
        "start": { "line": 12, "column": 4 },
        "end": { "line": 14, "column": 5 }
      },
      "10": {
        "start": { "line": 18, "column": 21 },
        "end": { "line": 22, "column": 1 }
      },
      "11": {
        "start": { "line": 19, "column": 2 },
        "end": { "line": 19, "column": 57 }
      },
      "12": {
        "start": { "line": 20, "column": 2 },
        "end": { "line": 20, "column": 41 }
      },
      "13": {
        "start": { "line": 21, "column": 2 },
        "end": { "line": 21, "column": 37 }
      },
      "14": {
        "start": { "line": 23, "column": 0 },
        "end": { "line": 23, "column": 29 }
      }
    },
    "fnMap": {
      "0": {
        "name": "(anonymous_0)",
        "decl": {
          "start": { "line": 4, "column": 36 },
          "end": { "line": 4, "column": 37 }
        },
        "loc": {
          "start": { "line": 4, "column": 48 },
          "end": { "line": 16, "column": 1 }
        },
        "line": 4
      },
      "1": {
        "name": "(anonymous_1)",
        "decl": {
          "start": { "line": 18, "column": 21 },
          "end": { "line": 18, "column": 22 }
        },
        "loc": {
          "start": { "line": 18, "column": 33 },
          "end": { "line": 22, "column": 1 }
        },
        "line": 18
      }
    },
    "branchMap": {},
    "s": {
      "0": 1,
      "1": 1,
      "2": 1,
      "3": 0,
      "4": 0,
      "5": 0,
      "6": 0,
      "7": 0,
      "8": 0,
      "9": 0,
      "10": 1,
      "11": 0,
      "12": 0,
      "13": 0,
      "14": 1
    },
    "f": { "0": 0, "1": 0 },
    "b": {},
    "_coverageSchema": "1a1c01bbd47fc00a2c39e90264f33305004495a9",
    "hash": "ab3c704772174786793ebb673fa8783d3f617fda"
  },
  "D:\\CEDT\\Software Engineering\\Project\\se-project-backend-1_the-backup-team\\utils\\db.js": {
    "path": "D:\\CEDT\\Software Engineering\\Project\\se-project-backend-1_the-backup-team\\utils\\db.js",
    "statementMap": {
      "0": {
        "start": { "line": 1, "column": 17 },
        "end": { "line": 1, "column": 36 }
      },
      "1": {
        "start": { "line": 3, "column": 18 },
        "end": { "line": 13, "column": 1 }
      },
      "2": {
        "start": { "line": 4, "column": 2 },
        "end": { "line": 4, "column": 36 }
      },
      "3": {
        "start": { "line": 6, "column": 2 },
        "end": { "line": 12, "column": 3 }
      },
      "4": {
        "start": { "line": 7, "column": 17 },
        "end": { "line": 7, "column": 62 }
      },
      "5": {
        "start": { "line": 8, "column": 4 },
        "end": { "line": 8, "column": 68 }
      },
      "6": {
        "start": { "line": 10, "column": 4 },
        "end": { "line": 10, "column": 32 }
      },
      "7": {
        "start": { "line": 11, "column": 4 },
        "end": { "line": 11, "column": 19 }
      },
      "8": {
        "start": { "line": 15, "column": 0 },
        "end": { "line": 15, "column": 26 }
      }
    },
    "fnMap": {
      "0": {
        "name": "(anonymous_0)",
        "decl": {
          "start": { "line": 3, "column": 18 },
          "end": { "line": 3, "column": 19 }
        },
        "loc": {
          "start": { "line": 3, "column": 30 },
          "end": { "line": 13, "column": 1 }
        },
        "line": 3
      }
    },
    "branchMap": {},
    "s": {
      "0": 1,
      "1": 1,
      "2": 0,
      "3": 0,
      "4": 0,
      "5": 0,
      "6": 0,
      "7": 0,
      "8": 1
    },
    "f": { "0": 0 },
    "b": {},
    "_coverageSchema": "1a1c01bbd47fc00a2c39e90264f33305004495a9",
    "hash": "bc04255127cd3bdf5dd131ec71573db9b35b26c6"
  }
}
