TN:
SF:app.js
FN:97,(anonymous_0)
FN:104,(anonymous_1)
FN:108,(anonymous_2)
FNF:3
FNH:0
FNDA:0,(anonymous_0)
FNDA:0,(anonymous_1)
FNDA:0,(anonymous_2)
DA:1,1
DA:2,1
DA:3,1
DA:4,1
DA:5,1
DA:6,1
DA:7,1
DA:8,1
DA:9,1
DA:10,1
DA:11,1
DA:12,1
DA:13,1
DA:15,1
DA:16,1
DA:19,1
DA:20,1
DA:21,1
DA:24,1
DA:26,1
DA:28,1
DA:31,1
DA:62,1
DA:63,1
DA:66,1
DA:67,1
DA:68,1
DA:69,1
DA:70,1
DA:71,1
DA:72,1
DA:75,1
DA:76,0
DA:80,1
DA:81,0
DA:85,0
DA:89,1
DA:90,1
DA:91,1
DA:92,1
DA:93,1
DA:94,1
DA:97,1
DA:98,0
DA:101,1
DA:103,1
DA:104,0
DA:105,0
DA:108,0
DA:109,0
DA:110,0
DA:114,1
LF:52
LH:43
BRDA:20,0,0,1
BRDA:20,0,1,0
BRDA:28,1,0,1
BRDA:28,1,1,0
BRDA:75,2,0,0
BRDA:75,2,1,1
BRDA:80,3,0,0
BRDA:80,3,1,1
BRDA:103,4,0,0
BRDA:103,4,1,1
BRF:10
BRH:5
end_of_record
TN:
SF:controllers\auth.js
FN:3,(anonymous_0)
FN:36,(anonymous_1)
FN:55,(anonymous_2)
FN:88,(anonymous_3)
FN:105,(anonymous_4)
FNF:5
FNH:0
FNDA:0,(anonymous_0)
FNDA:0,(anonymous_1)
FNDA:0,(anonymous_2)
FNDA:0,(anonymous_3)
FNDA:0,(anonymous_4)
DA:1,1
DA:3,1
DA:4,0
DA:6,0
DA:13,0
DA:14,0
DA:16,0
DA:36,1
DA:37,0
DA:38,0
DA:39,0
DA:46,0
DA:48,0
DA:55,1
DA:56,0
DA:57,0
DA:59,0
DA:60,0
DA:61,0
DA:62,0
DA:65,0
DA:66,0
DA:67,0
DA:68,0
DA:69,0
DA:72,0
DA:73,0
DA:74,0
DA:75,0
DA:76,0
DA:79,0
DA:81,0
DA:88,1
DA:89,0
DA:90,0
DA:96,0
DA:98,0
DA:105,1
DA:106,0
DA:107,0
DA:108,0
DA:110,0
DA:114,1
LF:43
LH:7
BRDA:13,0,0,0
BRDA:13,0,1,0
BRDA:59,1,0,0
BRDA:59,1,1,0
BRDA:59,2,0,0
BRDA:59,2,1,0
BRDA:66,3,0,0
BRDA:66,3,1,0
BRDA:73,4,0,0
BRDA:73,4,1,0
BRF:10
BRH:0
end_of_record
TN:
SF:controllers\events.js
FN:96,(anonymous_0)
FN:111,(anonymous_1)
FN:134,(anonymous_2)
FN:158,(anonymous_3)
FNF:4
FNH:0
FNDA:0,(anonymous_0)
FNDA:0,(anonymous_1)
FNDA:0,(anonymous_2)
FNDA:0,(anonymous_3)
DA:1,1
DA:2,1
DA:3,1
DA:96,1
DA:97,0
DA:98,0
DA:99,0
DA:104,0
DA:111,1
DA:112,0
DA:113,0
DA:114,0
DA:115,0
DA:116,0
DA:119,0
DA:120,0
DA:122,0
DA:127,0
DA:134,1
DA:135,0
DA:136,0
DA:137,0
DA:139,0
DA:140,0
DA:143,0
DA:144,0
DA:146,0
DA:151,0
DA:158,1
DA:159,0
DA:161,0
DA:162,0
DA:165,0
DA:166,0
DA:170,0
DA:174,0
DA:175,0
DA:179,0
DA:180,0
DA:181,0
DA:185,0
DA:186,0
DA:187,0
DA:191,0
DA:192,0
DA:194,0
DA:195,0
DA:197,0
DA:202,0
DA:255,1
LF:50
LH:8
BRDA:115,0,0,0
BRDA:115,0,1,0
BRDA:139,1,0,0
BRDA:139,1,1,0
BRDA:165,2,0,0
BRDA:165,2,1,0
BRDA:174,3,0,0
BRDA:174,3,1,0
BRDA:180,4,0,0
BRDA:180,4,1,0
BRDA:186,5,0,0
BRDA:186,5,1,0
BRF:12
BRH:0
end_of_record
TN:
SF:controllers\reservations.js
FN:8,(anonymous_0)
FN:37,(anonymous_1)
FN:43,(anonymous_2)
FN:57,(anonymous_3)
FN:78,(anonymous_4)
FN:94,(anonymous_5)
FN:119,(anonymous_6)
FN:200,(anonymous_7)
FN:271,(anonymous_8)
FN:303,(anonymous_9)
FN:317,(anonymous_10)
FN:329,(anonymous_11)
FN:370,(anonymous_12)
FN:415,(anonymous_13)
FNF:14
FNH:0
FNDA:0,(anonymous_0)
FNDA:0,(anonymous_1)
FNDA:0,(anonymous_2)
FNDA:0,(anonymous_3)
FNDA:0,(anonymous_4)
FNDA:0,(anonymous_5)
FNDA:0,(anonymous_6)
FNDA:0,(anonymous_7)
FNDA:0,(anonymous_8)
FNDA:0,(anonymous_9)
FNDA:0,(anonymous_10)
FNDA:0,(anonymous_11)
FNDA:0,(anonymous_12)
FNDA:0,(anonymous_13)
DA:1,1
DA:2,1
DA:3,1
DA:8,1
DA:9,0
DA:10,0
DA:11,0
DA:14,0
DA:16,0
DA:17,0
DA:18,0
DA:21,0
DA:23,0
DA:25,0
DA:26,0
DA:37,0
DA:38,0
DA:39,0
DA:42,0
DA:43,0
DA:46,0
DA:47,0
DA:49,0
DA:56,0
DA:57,0
DA:58,0
DA:59,0
DA:60,0
DA:66,0
DA:71,0
DA:78,1
DA:79,0
DA:80,0
DA:81,0
DA:86,0
DA:87,0
DA:90,0
DA:91,0
DA:93,0
DA:94,0
DA:97,0
DA:103,0
DA:108,0
DA:109,0
DA:110,0
DA:112,0
DA:119,1
DA:120,0
DA:121,0
DA:122,0
DA:124,0
DA:125,0
DA:127,0
DA:128,0
DA:129,0
DA:130,0
DA:133,0
DA:134,0
DA:135,0
DA:138,0
DA:140,0
DA:145,0
DA:146,0
DA:149,0
DA:157,0
DA:161,0
DA:164,0
DA:165,0
DA:166,0
DA:169,0
DA:171,0
DA:176,0
DA:177,0
DA:178,0
DA:179,0
DA:180,0
DA:181,0
DA:182,0
DA:183,0
DA:184,0
DA:185,0
DA:186,0
DA:187,0
DA:188,0
DA:189,0
DA:190,0
DA:191,0
DA:193,0
DA:200,1
DA:201,0
DA:202,0
DA:203,0
DA:204,0
DA:206,0
DA:207,0
DA:208,0
DA:209,0
DA:212,0
DA:213,0
DA:214,0
DA:215,0
DA:217,0
DA:221,0
DA:224,0
DA:225,0
DA:226,0
DA:229,0
DA:230,0
DA:231,0
DA:234,0
DA:235,0
DA:236,0
DA:239,0
DA:244,0
DA:249,0
DA:250,0
DA:251,0
DA:252,0
DA:253,0
DA:254,0
DA:255,0
DA:256,0
DA:257,0
DA:258,0
DA:259,0
DA:260,0
DA:261,0
DA:262,0
DA:264,0
DA:271,1
DA:272,0
DA:273,0
DA:274,0
DA:275,0
DA:276,0
DA:279,0
DA:283,0
DA:286,0
DA:290,0
DA:295,0
DA:296,0
DA:297,0
DA:299,0
DA:303,1
DA:304,0
DA:306,0
DA:308,0
DA:309,0
DA:316,0
DA:317,0
DA:320,0
DA:325,0
DA:329,1
DA:330,0
DA:331,0
DA:333,0
DA:334,0
DA:336,0
DA:337,0
DA:339,0
DA:340,0
DA:341,0
DA:344,0
DA:354,0
DA:355,0
DA:357,0
DA:358,0
DA:359,0
DA:360,0
DA:362,0
DA:363,0
DA:365,0
DA:366,0
DA:368,0
DA:370,0
DA:371,0
DA:372,0
DA:373,0
DA:374,0
DA:377,0
DA:381,0
DA:384,0
DA:385,0
DA:390,0
DA:391,0
DA:395,0
DA:396,0
DA:397,0
DA:398,0
DA:402,0
DA:407,0
DA:408,0
DA:409,0
DA:411,0
DA:415,1
DA:416,0
DA:417,0
DA:418,0
DA:427,0
DA:429,0
DA:433,1
LF:201
LH:12
BRDA:10,0,0,0
BRDA:10,0,1,0
BRDA:10,1,0,0
BRDA:10,1,1,0
BRDA:17,2,0,0
BRDA:17,2,1,0
BRDA:23,3,0,0
BRDA:23,3,1,0
BRDA:38,4,0,0
BRDA:38,4,1,0
BRDA:38,5,0,0
BRDA:38,5,1,0
BRDA:52,6,0,0
BRDA:52,6,1,0
BRDA:56,7,0,0
BRDA:56,7,1,0
BRDA:58,8,0,0
BRDA:58,8,1,0
BRDA:59,9,0,0
BRDA:59,9,1,0
BRDA:60,10,0,0
BRDA:60,10,1,0
BRDA:86,11,0,0
BRDA:86,11,1,0
BRDA:108,12,0,0
BRDA:108,12,1,0
BRDA:108,13,0,0
BRDA:108,13,1,0
BRDA:129,14,0,0
BRDA:129,14,1,0
BRDA:134,15,0,0
BRDA:134,15,1,0
BRDA:145,16,0,0
BRDA:145,16,1,0
BRDA:157,17,0,0
BRDA:157,17,1,0
BRDA:158,18,0,0
BRDA:158,18,1,0
BRDA:165,19,0,0
BRDA:165,19,1,0
BRDA:176,20,0,0
BRDA:176,20,1,0
BRDA:179,21,0,0
BRDA:179,21,1,0
BRDA:182,22,0,0
BRDA:182,22,1,0
BRDA:185,23,0,0
BRDA:185,23,1,0
BRDA:188,24,0,0
BRDA:188,24,1,0
BRDA:190,25,0,0
BRDA:190,25,1,0
BRDA:208,26,0,0
BRDA:208,26,1,0
BRDA:212,27,0,0
BRDA:212,27,1,0
BRDA:213,28,0,0
BRDA:213,28,1,0
BRDA:214,29,0,0
BRDA:214,29,1,0
BRDA:217,30,0,0
BRDA:217,30,1,0
BRDA:218,31,0,0
BRDA:218,31,1,0
BRDA:225,32,0,0
BRDA:225,32,1,0
BRDA:230,33,0,0
BRDA:230,33,1,0
BRDA:235,34,0,0
BRDA:235,34,1,0
BRDA:249,35,0,0
BRDA:249,35,1,0
BRDA:252,36,0,0
BRDA:252,36,1,0
BRDA:255,37,0,0
BRDA:255,37,1,0
BRDA:258,38,0,0
BRDA:258,38,1,0
BRDA:261,39,0,0
BRDA:261,39,1,0
BRDA:275,40,0,0
BRDA:275,40,1,0
BRDA:279,41,0,0
BRDA:279,41,1,0
BRDA:280,42,0,0
BRDA:280,42,1,0
BRDA:295,43,0,0
BRDA:295,43,1,0
BRDA:295,44,0,0
BRDA:295,44,1,0
BRDA:340,45,0,0
BRDA:340,45,1,0
BRDA:378,46,0,0
BRDA:378,46,1,0
BRDA:378,46,2,0
BRDA:385,47,0,0
BRDA:385,47,1,0
BRDA:386,48,0,0
BRDA:386,48,1,0
BRDA:386,48,2,0
BRDA:390,49,0,0
BRDA:390,49,1,0
BRDA:397,50,0,0
BRDA:397,50,1,0
BRDA:407,51,0,0
BRDA:407,51,1,0
BRF:106
BRH:0
end_of_record
TN:
SF:controllers\reviews.js
FN:53,addReviews
FN:151,upvoteReview
FN:161,(anonymous_2)
FN:167,(anonymous_3)
FN:201,downvoteReview
FN:211,(anonymous_5)
FN:217,(anonymous_6)
FNF:7
FNH:7
FNDA:2,addReviews
FNDA:5,upvoteReview
FNDA:1,(anonymous_2)
FNDA:1,(anonymous_3)
FNDA:4,downvoteReview
FNDA:1,(anonymous_5)
FNDA:1,(anonymous_6)
DA:1,1
DA:54,2
DA:56,2
DA:57,2
DA:61,2
DA:62,1
DA:65,1
DA:71,1
DA:76,1
DA:152,5
DA:153,5
DA:154,5
DA:155,5
DA:156,1
DA:159,4
DA:160,1
DA:161,1
DA:164,3
DA:166,4
DA:167,1
DA:170,4
DA:182,4
DA:190,1
DA:191,1
DA:192,1
DA:194,1
DA:202,4
DA:203,4
DA:204,4
DA:205,4
DA:206,1
DA:209,3
DA:210,1
DA:211,1
DA:214,2
DA:216,3
DA:217,1
DA:220,3
DA:232,3
DA:240,1
DA:241,1
DA:242,1
DA:244,1
DA:248,1
LF:44
LH:44
BRDA:61,0,0,1
BRDA:61,0,1,1
BRDA:155,1,0,1
BRDA:155,1,1,4
BRDA:159,2,0,1
BRDA:159,2,1,3
BRDA:190,3,0,1
BRDA:190,3,1,0
BRDA:190,4,0,1
BRDA:190,4,1,1
BRDA:205,5,0,1
BRDA:205,5,1,3
BRDA:209,6,0,1
BRDA:209,6,1,2
BRDA:240,7,0,1
BRDA:240,7,1,0
BRDA:240,8,0,1
BRDA:240,8,1,1
BRF:18
BRH:16
end_of_record
TN:
SF:controllers\rooms.js
FN:7,(anonymous_0)
FN:27,(anonymous_1)
FN:62,(anonymous_2)
FN:90,(anonymous_3)
FN:103,(anonymous_4)
FN:131,(anonymous_5)
FNF:6
FNH:0
FNDA:0,(anonymous_0)
FNDA:0,(anonymous_1)
FNDA:0,(anonymous_2)
FNDA:0,(anonymous_3)
FNDA:0,(anonymous_4)
FNDA:0,(anonymous_5)
DA:1,1
DA:2,1
DA:7,1
DA:8,0
DA:9,0
DA:10,0
DA:11,0
DA:12,0
DA:14,0
DA:16,0
DA:17,0
DA:18,0
DA:20,0
DA:27,1
DA:28,0
DA:29,0
DA:30,0
DA:31,0
DA:32,0
DA:35,0
DA:36,0
DA:37,0
DA:40,0
DA:45,0
DA:46,0
DA:47,0
DA:48,0
DA:49,0
DA:50,0
DA:51,0
DA:52,0
DA:53,0
DA:55,0
DA:62,1
DA:63,0
DA:64,0
DA:65,0
DA:66,0
DA:67,0
DA:70,0
DA:72,0
DA:74,0
DA:79,0
DA:80,0
DA:81,0
DA:83,0
DA:90,1
DA:91,0
DA:92,0
DA:93,0
DA:94,0
DA:95,0
DA:98,0
DA:99,0
DA:100,0
DA:103,0
DA:104,0
DA:107,0
DA:109,0
DA:114,0
DA:115,0
DA:116,0
DA:117,0
DA:118,0
DA:119,0
DA:120,0
DA:121,0
DA:122,0
DA:124,0
DA:131,1
DA:132,0
DA:133,0
DA:134,0
DA:135,0
DA:136,0
DA:139,0
DA:140,0
DA:141,0
DA:144,0
DA:146,0
DA:147,0
DA:149,0
DA:154,0
DA:155,0
DA:156,0
DA:157,0
DA:158,0
DA:159,0
DA:160,0
DA:161,0
DA:162,0
DA:164,0
DA:168,1
LF:93
LH:8
BRDA:11,0,0,0
BRDA:11,0,1,0
BRDA:16,1,0,0
BRDA:16,1,1,0
BRDA:16,2,0,0
BRDA:16,2,1,0
BRDA:31,3,0,0
BRDA:31,3,1,0
BRDA:36,4,0,0
BRDA:36,4,1,0
BRDA:45,5,0,0
BRDA:45,5,1,0
BRDA:48,6,0,0
BRDA:48,6,1,0
BRDA:51,7,0,0
BRDA:51,7,1,0
BRDA:66,8,0,0
BRDA:66,8,1,0
BRDA:79,9,0,0
BRDA:79,9,1,0
BRDA:79,10,0,0
BRDA:79,10,1,0
BRDA:94,11,0,0
BRDA:94,11,1,0
BRDA:99,12,0,0
BRDA:99,12,1,0
BRDA:114,13,0,0
BRDA:114,13,1,0
BRDA:117,14,0,0
BRDA:117,14,1,0
BRDA:120,15,0,0
BRDA:120,15,1,0
BRDA:135,16,0,0
BRDA:135,16,1,0
BRDA:140,17,0,0
BRDA:140,17,1,0
BRDA:154,18,0,0
BRDA:154,18,1,0
BRDA:157,19,0,0
BRDA:157,19,1,0
BRDA:160,20,0,0
BRDA:160,20,1,0
BRF:42
BRH:0
end_of_record
TN:
SF:controllers\spaces.js
FN:7,(anonymous_0)
FN:12,(anonymous_1)
FN:18,(anonymous_2)
FN:73,(anonymous_3)
FN:97,(anonymous_4)
FN:112,(anonymous_5)
FN:140,(anonymous_6)
FNF:7
FNH:0
FNDA:0,(anonymous_0)
FNDA:0,(anonymous_1)
FNDA:0,(anonymous_2)
FNDA:0,(anonymous_3)
FNDA:0,(anonymous_4)
FNDA:0,(anonymous_5)
FNDA:0,(anonymous_6)
DA:1,1
DA:2,1
DA:7,1
DA:8,0
DA:10,0
DA:11,0
DA:12,0
DA:15,0
DA:16,0
DA:18,0
DA:20,0
DA:23,0
DA:26,0
DA:27,0
DA:37,0
DA:38,0
DA:39,0
DA:42,0
DA:48,0
DA:49,0
DA:58,0
DA:66,0
DA:73,1
DA:74,0
DA:76,0
DA:77,0
DA:78,0
DA:79,0
DA:81,0
DA:86,0
DA:87,0
DA:88,0
DA:90,0
DA:97,1
DA:98,0
DA:99,0
DA:100,0
DA:105,0
DA:112,1
DA:113,0
DA:114,0
DA:115,0
DA:120,0
DA:121,0
DA:124,0
DA:129,0
DA:130,0
DA:131,0
DA:133,0
DA:140,1
DA:141,0
DA:142,0
DA:143,0
DA:145,0
DA:146,0
DA:149,0
DA:150,0
DA:152,0
DA:156,0
DA:157,0
DA:158,0
DA:160,0
DA:164,1
LF:63
LH:8
BRDA:26,0,0,0
BRDA:26,0,1,0
BRDA:37,1,0,0
BRDA:37,1,1,0
BRDA:38,2,0,0
BRDA:38,2,1,0
BRDA:78,3,0,0
BRDA:78,3,1,0
BRDA:86,4,0,0
BRDA:86,4,1,0
BRDA:86,5,0,0
BRDA:86,5,1,0
BRDA:120,6,0,0
BRDA:120,6,1,0
BRDA:129,7,0,0
BRDA:129,7,1,0
BRDA:129,8,0,0
BRDA:129,8,1,0
BRDA:145,9,0,0
BRDA:145,9,1,0
BRDA:156,10,0,0
BRDA:156,10,1,0
BRDA:156,11,0,0
BRDA:156,11,1,0
BRF:24
BRH:0
end_of_record
TN:
SF:controllers\users.js
FN:6,(anonymous_0)
FNF:1
FNH:0
FNDA:0,(anonymous_0)
DA:1,1
DA:6,1
DA:7,0
DA:8,0
DA:9,0
DA:14,0
DA:15,0
DA:18,0
DA:20,0
DA:33,0
DA:37,1
LF:11
LH:3
BRDA:14,0,0,0
BRDA:14,0,1,0
BRF:2
BRH:0
end_of_record
TN:
SF:middleware\auth.js
FN:4,(anonymous_0)
FN:28,(anonymous_1)
FN:29,(anonymous_2)
FNF:3
FNH:3
FNDA:11,(anonymous_0)
FNDA:15,(anonymous_1)
FNDA:2,(anonymous_2)
DA:1,1
DA:2,1
DA:4,1
DA:7,11
DA:8,11
DA:9,11
DA:10,11
DA:13,11
DA:14,0
DA:15,0
DA:16,0
DA:19,11
DA:21,11
DA:22,11
DA:24,0
DA:28,1
DA:29,15
DA:30,2
DA:31,0
DA:34,0
DA:35,0
DA:37,2
DA:41,1
LF:23
LH:16
BRDA:9,0,0,11
BRDA:9,0,1,0
BRDA:9,1,0,11
BRDA:9,1,1,11
BRDA:13,2,0,0
BRDA:13,2,1,11
BRDA:13,3,0,11
BRDA:13,3,1,11
BRDA:30,4,0,0
BRDA:30,4,1,2
BRF:10
BRH:7
end_of_record
TN:
SF:middleware\errorHandler.js
FN:3,(anonymous_0)
FN:16,(anonymous_1)
FNF:2
FNH:1
FNDA:3,(anonymous_0)
FNDA:0,(anonymous_1)
DA:1,1
DA:3,1
DA:4,3
DA:5,0
DA:6,0
DA:9,3
DA:10,0
DA:13,3
DA:14,0
DA:15,0
DA:16,0
DA:20,3
DA:21,0
DA:22,0
DA:24,3
DA:25,3
DA:26,3
DA:27,0
DA:29,3
DA:32,1
LF:20
LH:11
BRDA:4,0,0,0
BRDA:4,0,1,3
BRDA:4,1,0,3
BRDA:4,1,1,3
BRDA:9,2,0,0
BRDA:9,2,1,3
BRDA:13,3,0,0
BRDA:13,3,1,3
BRDA:20,4,0,0
BRDA:20,4,1,3
BRDA:24,5,0,3
BRDA:24,5,1,1
BRDA:25,6,0,3
BRDA:25,6,1,0
BRDA:26,7,0,0
BRDA:26,7,1,3
BRDA:26,8,0,3
BRDA:26,8,1,0
BRF:18
BRH:11
end_of_record
TN:
SF:models\Event.js
FN:52,(anonymous_0)
FNF:1
FNH:0
FNDA:0,(anonymous_0)
DA:1,1
DA:3,1
DA:52,1
DA:53,0
DA:55,0
DA:56,0
DA:58,0
DA:59,0
DA:61,0
DA:62,0
DA:64,0
DA:66,0
DA:67,0
DA:69,0
DA:72,1
LF:15
LH:4
BRDA:53,0,0,0
BRDA:53,0,1,0
BRDA:53,1,0,0
BRDA:53,1,1,0
BRDA:58,2,0,0
BRDA:58,2,1,0
BRDA:58,3,0,0
BRDA:58,3,1,0
BRDA:61,4,0,0
BRDA:61,4,1,0
BRDA:66,5,0,0
BRDA:66,5,1,0
BRDA:66,6,0,0
BRDA:66,6,1,0
BRF:14
BRH:0
end_of_record
TN:
SF:models\EventAttendance.js
FNF:0
FNH:0
DA:1,1
DA:3,1
DA:30,1
DA:32,1
LF:4
LH:4
BRF:0
BRH:0
end_of_record
TN:
SF:models\Reservation.js
FN:7,(anonymous_0)
FNF:1
FNH:0
FNDA:0,(anonymous_0)
DA:1,1
DA:3,1
DA:8,0
DA:9,0
DA:38,1
DA:40,1
LF:6
LH:4
BRF:0
BRH:0
end_of_record
TN:
SF:models\Review.js
FNF:0
FNH:0
DA:1,1
DA:2,1
DA:4,1
DA:55,1
LF:4
LH:4
BRF:0
BRH:0
end_of_record
TN:
SF:models\Space.js
FN:82,(anonymous_0)
FN:83,(anonymous_1)
FN:88,(anonymous_2)
FN:90,(anonymous_3)
FN:94,(anonymous_4)
FN:96,(anonymous_5)
FN:100,(anonymous_6)
FNF:7
FNH:1
FNDA:1,(anonymous_0)
FNDA:0,(anonymous_1)
FNDA:0,(anonymous_2)
FNDA:0,(anonymous_3)
FNDA:0,(anonymous_4)
FNDA:0,(anonymous_5)
FNDA:0,(anonymous_6)
DA:1,1
DA:3,1
DA:26,1
DA:80,1
DA:82,1
DA:83,1
DA:84,1
DA:85,1
DA:88,1
DA:89,0
DA:90,0
DA:91,0
DA:94,1
DA:95,0
DA:96,0
DA:97,0
DA:100,1
DA:101,0
DA:103,0
DA:104,0
DA:106,0
DA:107,0
DA:108,0
DA:109,0
DA:111,0
DA:113,0
DA:114,0
DA:115,0
DA:116,0
DA:118,0
DA:120,0
DA:123,1
DA:130,1
LF:33
LH:13
BRDA:89,0,0,0
BRDA:89,0,1,0
BRDA:95,1,0,0
BRDA:95,1,1,0
BRDA:109,2,0,0
BRDA:109,2,1,0
BRDA:116,3,0,0
BRDA:116,3,1,0
BRDA:120,4,0,0
BRDA:120,4,1,0
BRF:10
BRH:0
end_of_record
TN:
SF:models\User.js
FN:43,(anonymous_0)
FN:48,(anonymous_1)
FN:52,(anonymous_2)
FNF:3
FNH:2
FNDA:1,(anonymous_0)
FNDA:0,(anonymous_1)
FNDA:1,(anonymous_2)
DA:1,1
DA:2,1
DA:3,1
DA:5,1
DA:43,1
DA:44,1
DA:45,1
DA:48,1
DA:49,0
DA:52,1
DA:53,1
DA:58,1
LF:12
LH:11
BRF:0
BRH:0
end_of_record
TN:
SF:routes\auth.js
FNF:0
FNH:0
DA:1,1
DA:3,1
DA:4,1
DA:6,1
DA:77,1
DA:78,1
DA:80,1
DA:81,1
DA:83,1
LF:9
LH:9
BRF:0
BRH:0
end_of_record
TN:
SF:routes\event.js
FNF:0
FNH:0
DA:1,1
DA:2,1
DA:13,1
DA:15,1
DA:327,1
DA:328,1
DA:329,1
DA:331,1
DA:332,1
DA:333,1
DA:335,1
DA:336,1
DA:338,1
LF:13
LH:13
BRF:0
BRH:0
end_of_record
TN:
SF:routes\getReservesByRoom.js
FNF:0
FNH:0
DA:1,1
DA:2,1
DA:4,1
DA:6,1
DA:8,1
DA:10,1
LF:6
LH:6
BRF:0
BRH:0
end_of_record
TN:
SF:routes\reservations.js
FNF:0
FNH:0
DA:1,1
DA:2,1
DA:11,1
DA:12,1
DA:14,1
DA:15,1
DA:17,1
DA:18,1
DA:19,1
DA:21,1
LF:10
LH:10
BRF:0
BRH:0
end_of_record
TN:
SF:routes\review.js
FNF:0
FNH:0
DA:1,1
DA:2,1
DA:4,1
DA:6,1
DA:276,1
DA:277,1
DA:279,1
DA:280,1
DA:286,1
DA:293,1
DA:294,1
DA:296,1
LF:12
LH:12
BRF:0
BRH:0
end_of_record
TN:
SF:routes\rooms.js
FNF:0
FNH:0
DA:1,1
DA:2,1
DA:9,1
DA:13,1
DA:15,1
DA:17,1
DA:18,1
DA:20,1
DA:21,1
DA:22,1
DA:23,1
DA:24,1
DA:26,1
LF:13
LH:13
BRF:0
BRH:0
end_of_record
TN:
SF:routes\spaces.js
FNF:0
FNH:0
DA:1,1
DA:2,1
DA:9,1
DA:11,1
DA:13,1
DA:14,1
DA:15,1
DA:17,1
DA:18,1
DA:19,1
DA:21,1
DA:22,1
DA:24,1
DA:25,1
DA:26,1
DA:28,1
LF:16
LH:16
BRF:0
BRH:0
end_of_record
TN:
SF:routes\users.js
FNF:0
FNH:0
DA:1,1
DA:2,1
DA:4,1
DA:6,1
DA:8,1
LF:5
LH:5
BRF:0
BRH:0
end_of_record
TN:
SF:tests\memory-server.js
FN:6,(anonymous_0)
FN:11,(anonymous_1)
FNF:2
FNH:2
FNDA:1,(anonymous_0)
FNDA:1,(anonymous_1)
DA:1,1
DA:2,1
DA:6,1
DA:7,1
DA:8,1
DA:11,1
DA:12,1
DA:13,1
DA:16,1
LF:9
LH:9
BRF:0
BRH:0
end_of_record
TN:
SF:utils\cron.js
FN:4,(anonymous_0)
FN:18,(anonymous_1)
FNF:2
FNH:0
FNDA:0,(anonymous_0)
FNDA:0,(anonymous_1)
DA:1,1
DA:2,1
DA:4,1
DA:5,0
DA:6,0
DA:7,0
DA:8,0
DA:9,0
DA:10,0
DA:12,0
DA:18,1
DA:19,0
DA:20,0
DA:21,0
DA:23,1
LF:15
LH:5
BRF:0
BRH:0
end_of_record
TN:
SF:utils\db.js
FN:3,(anonymous_0)
FNF:1
FNH:0
FNDA:0,(anonymous_0)
DA:1,1
DA:3,1
DA:4,0
DA:6,0
DA:7,0
DA:8,0
DA:10,0
DA:11,0
DA:15,1
LF:9
LH:3
BRF:0
BRH:0
end_of_record
